Log file open, 07/14/22 11:35:07
LogWindows: Failed to load 'aqProf.dll' (GetLastError=126)
LogWindows: File 'aqProf.dll' does not exist
LogWindows: Failed to load 'VtuneApi.dll' (GetLastError=126)
LogWindows: File 'VtuneApi.dll' does not exist
LogWindows: Failed to load 'VtuneApi32e.dll' (GetLastError=126)
LogWindows: File 'VtuneApi32e.dll' does not exist
LogConsoleResponse: Display: Failed to find resolution value strings in scalability ini. Falling back to default.
LogConsoleResponse: Display: Failed to find resolution value strings in scalability ini. Falling back to default.
LogInit: Display: Running engine for game: UnrealQuest3
LogPlatformFile: Not using cached read wrapper
LogTaskGraph: Started task graph with 5 named threads and 35 total threads with 3 sets of task threads.
LogStats: Stats thread started at 0.284984
LogICUInternationalization: ICU TimeZone Detection - Raw Offset: +9:00, Platform Override: ''
LogInit: Display: Loading text-based GConfig....
LogPluginManager: Mounting plugin MeshPainting
LogPluginManager: Mounting plugin XGEController
LogPluginManager: Mounting plugin Paper2D
LogPluginManager: Mounting plugin AISupport
LogPluginManager: Mounting plugin EnvironmentQueryEditor
LogPluginManager: Mounting plugin LightPropagationVolume
LogPluginManager: Mounting plugin GameplayCameras
LogPluginManager: Mounting plugin CameraShakePreviewer
LogPluginManager: Mounting plugin OodleNetwork
LogPluginManager: Mounting plugin OodleData
LogPluginManager: Mounting plugin AssetManagerEditor
LogPluginManager: Mounting plugin DatasmithContent
LogPluginManager: Mounting plugin CryptoKeys
LogPluginManager: Mounting plugin CurveEditorTools
LogPluginManager: Mounting plugin DataValidation
LogPluginManager: Mounting plugin VariantManagerContent
LogPluginManager: Mounting plugin GeometryMode
LogPluginManager: Mounting plugin GameplayTagsEditor
LogPluginManager: Mounting plugin MacGraphicsSwitching
LogPluginManager: Mounting plugin MobileLauncherProfileWizard
LogPluginManager: Mounting plugin MaterialAnalyzer
LogPluginManager: Mounting plugin FacialAnimation
LogPluginManager: Mounting plugin PluginBrowser
LogPluginManager: Mounting plugin SpeedTreeImporter
LogPluginManager: Mounting plugin AnimationSharing
LogPluginManager: Mounting plugin CLionSourceCodeAccess
LogPluginManager: Mounting plugin CodeLiteSourceCodeAccess
LogPluginManager: Mounting plugin GitSourceControl
LogPluginManager: Mounting plugin NullSourceCodeAccess
LogPluginManager: Mounting plugin KDevelopSourceCodeAccess
LogPluginManager: Mounting plugin PerforceSourceControl
LogPluginManager: Mounting plugin PixWinPlugin
LogPluginManager: Mounting plugin PlasticSourceControl
LogPluginManager: Mounting plugin PropertyAccessNode
LogPluginManager: Mounting plugin PluginUtils
LogPluginManager: Mounting plugin RiderSourceCodeAccess
LogPluginManager: Mounting plugin TextureFormatOodle
LogPluginManager: Mounting plugin UObjectPlugin
LogPluginManager: Mounting plugin VisualStudioCodeSourceCodeAccess
LogPluginManager: Mounting plugin SubversionSourceControl
LogPluginManager: Mounting plugin VisualStudioSourceCodeAccess
LogPluginManager: Mounting plugin XCodeSourceCodeAccess
LogPluginManager: Mounting plugin Niagara
LogPluginManager: Mounting plugin AlembicImporter
LogPluginManager: Mounting plugin AutomationUtils
LogPluginManager: Mounting plugin BackChannel
LogPluginManager: Mounting plugin ChaosCloth
LogPluginManager: Mounting plugin ChaosEditor
LogPluginManager: Mounting plugin ChaosClothEditor
LogPluginManager: Mounting plugin ChaosNiagara
LogPluginManager: Mounting plugin ChaosSolverPlugin
LogPluginManager: Mounting plugin AndroidMedia
LogPluginManager: Mounting plugin AvfMedia
LogPluginManager: Mounting plugin MediaCompositing
LogPluginManager: Mounting plugin ImgMedia
LogPluginManager: Mounting plugin MediaPlayerEditor
LogPluginManager: Mounting plugin TcpMessaging
LogPluginManager: Mounting plugin WebMMedia
LogPluginManager: Mounting plugin WmfMedia
LogPluginManager: Mounting plugin UdpMessaging
LogPluginManager: Mounting plugin OnlineSubsystem
LogPluginManager: Mounting plugin OnlineSubsystemNull
LogPluginManager: Mounting plugin OnlineSubsystemUtils
LogPluginManager: Mounting plugin ActorSequence
LogPluginManager: Mounting plugin MatineeToLevelSequence
LogPluginManager: Mounting plugin LevelSequenceEditor
LogPluginManager: Mounting plugin TemplateSequence
LogPluginManager: Mounting plugin LauncherChunkInstaller
LogPluginManager: Mounting plugin ActorLayerUtilities
LogPluginManager: Mounting plugin AndroidDeviceProfileSelector
LogPluginManager: Mounting plugin AndroidMoviePlayer
LogPluginManager: Mounting plugin AndroidPermission
LogPluginManager: Mounting plugin AppleMoviePlayer
LogPluginManager: Mounting plugin ApexDestruction
LogPluginManager: Mounting plugin AppleImageUtils
LogPluginManager: Mounting plugin AssetTags
LogPluginManager: Mounting plugin ArchVisCharacter
LogPluginManager: Mounting plugin AudioCapture
LogPluginManager: Mounting plugin AudioSynesthesia
LogPluginManager: Mounting plugin CableComponent
LogPluginManager: Mounting plugin ChunkDownloader
LogPluginManager: Mounting plugin CustomMeshComponent
LogPluginManager: Mounting plugin EditableMesh
LogPluginManager: Mounting plugin ExampleDeviceProfileSelector
LogPluginManager: Mounting plugin GoogleCloudMessaging
LogPluginManager: Mounting plugin GooglePAD
LogPluginManager: Mounting plugin IOSDeviceProfileSelector
LogPluginManager: Mounting plugin LinuxDeviceProfileSelector
LogPluginManager: Mounting plugin LocationServicesBPLibrary
LogPluginManager: Mounting plugin MobilePatchingUtils
LogPluginManager: Mounting plugin PhysXVehicles
LogPluginManager: Mounting plugin PostSplashScreen
LogPluginManager: Mounting plugin ProceduralMeshComponent
LogPluginManager: Mounting plugin PropertyAccessEditor
LogPluginManager: Mounting plugin RuntimePhysXCooking
LogPluginManager: Mounting plugin SignificanceManager
LogPluginManager: Mounting plugin SoundFields
LogPluginManager: Mounting plugin Synthesis
LogPluginManager: Mounting plugin WebMMoviePlayer
LogPluginManager: Mounting plugin WindowsMoviePlayer
LogPluginManager: Mounting plugin ScreenshotTools
LogPluginManager: Mounting plugin CharacterAI
LogPluginManager: Mounting plugin GeometryCache
LogPluginManager: Mounting plugin GeometryCollectionPlugin
LogPluginManager: Mounting plugin GeometryProcessing
LogPluginManager: Mounting plugin MotoSynth
LogPluginManager: Mounting plugin OpenImageDenoise
LogPluginManager: Mounting plugin PlanarCut
LogPluginManager: Mounting plugin PlatformCrypto
LogPluginManager: Mounting plugin ProxyLODPlugin
LogPluginManager: Mounting plugin PythonScriptPlugin
LogPluginManager: Mounting plugin SkeletalReduction
LogPluginManager: Mounting plugin ContentBrowserAssetDataSource
LogPluginManager: Mounting plugin ContentBrowserClassDataSource
LogPluginManager: Mounting plugin ContentBrowserFileDataSource
LogPluginManager: Mounting plugin OnlineSubsystemGooglePlay
LogPluginManager: Mounting plugin OnlineSubsystemIOS
PixWinPlugin: PIX capture plugin failed to initialize! Check that the process is launched from PIX.
LogInit: Using libcurl 7.55.1-DEV
LogInit:  - built for x86_64-pc-win32
LogInit:  - supports SSL with OpenSSL/1.1.1
LogInit:  - supports HTTP deflate (compression) using libz 1.2.8
LogInit:  - other features:
LogInit:      CURL_VERSION_SSL
LogInit:      CURL_VERSION_LIBZ
LogInit:      CURL_VERSION_IPV6
LogInit:      CURL_VERSION_ASYNCHDNS
LogInit:      CURL_VERSION_LARGEFILE
LogInit:      CURL_VERSION_IDN
LogInit:  CurlRequestOptions (configurable via config and command line):
LogInit:  - bVerifyPeer = true  - Libcurl will verify peer certificate
LogInit:  - bUseHttpProxy = false  - Libcurl will NOT use HTTP proxy
LogInit:  - bDontReuseConnections = false  - Libcurl will reuse connections
LogInit:  - MaxHostConnections = 16  - Libcurl will limit the number of connections to a host
LogInit:  - LocalHostAddr = Default
LogInit:  - BufferSize = 65536
LogOnline: OSS: Creating online subsystem instance for: NULL
LogInit: WinSock: version 1.1 (2.2), MaxSocks=32767, MaxUdp=65467
LogOnline: OSS: TryLoadSubsystemAndSetDefault: Loaded subsystem for module [NULL]
LogInit: Build: ++UE4+Release-4.27-CL-18319896
LogInit: Engine Version: 4.27.2-18319896+++UE4+Release-4.27
LogInit: Compatible Engine Version: 4.27.0-17155196+++UE4+Release-4.27
LogInit: Net CL: 17155196
LogInit: OS: Windows 10 (Release 2009) (), CPU: Intel(R) Core(TM) i7-9750H CPU @ 2.60GHz, GPU: Intel(R) UHD Graphics 630
LogInit: Compiled (64-bit): Nov 30 2021 07:12:08
LogInit: Compiled with Visual C++: 19.24.28315.00
LogInit: Build Configuration: Development
LogInit: Branch Name: ++UE4+Release-4.27
LogInit: Command Line: 
LogInit: Base Directory: D:/新しいフォルダー/Epic Games/DirectXRedist/UE_4.27/Engine/Binaries/Win64/
LogInit: Allocator: TBB
LogInit: Installed Engine Build: 1
LogDevObjectVersion: Number of dev versions registered: 29
LogDevObjectVersion:   Dev-Blueprints (B0D832E4-1F89-4F0D-ACCF-7EB736FD4AA2): 10
LogDevObjectVersion:   Dev-Build (E1C64328-A22C-4D53-A36C-8E866417BD8C): 0
LogDevObjectVersion:   Dev-Core (375EC13C-06E4-48FB-B500-84F0262A717E): 4
LogDevObjectVersion:   Dev-Editor (E4B068ED-F494-42E9-A231-DA0B2E46BB41): 40
LogDevObjectVersion:   Dev-Framework (CFFC743F-43B0-4480-9391-14DF171D2073): 37
LogDevObjectVersion:   Dev-Mobile (B02B49B5-BB20-44E9-A304-32B752E40360): 3
LogDevObjectVersion:   Dev-Networking (A4E4105C-59A1-49B5-A7C5-40C4547EDFEE): 0
LogDevObjectVersion:   Dev-Online (39C831C9-5AE6-47DC-9A44-9C173E1C8E7C): 0
LogDevObjectVersion:   Dev-Physics (78F01B33-EBEA-4F98-B9B4-84EACCB95AA2): 14
LogDevObjectVersion:   Dev-Platform (6631380F-2D4D-43E0-8009-CF276956A95A): 0
LogDevObjectVersion:   Dev-Rendering (12F88B9F-8875-4AFC-A67C-D90C383ABD29): 45
LogDevObjectVersion:   Dev-Sequencer (7B5AE74C-D270-4C10-A958-57980B212A5A): 13
LogDevObjectVersion:   Dev-VR (D7296918-1DD6-4BDD-9DE2-64A83CC13884): 3
LogDevObjectVersion:   Dev-LoadTimes (C2A15278-BFE7-4AFE-6C17-90FF531DF755): 1
LogDevObjectVersion:   Private-Geometry (6EACA3D4-40EC-4CC1-B786-8BED09428FC5): 3
LogDevObjectVersion:   Dev-AnimPhys (29E575DD-E0A3-4627-9D10-D276232CDCEA): 17
LogDevObjectVersion:   Dev-Anim (AF43A65D-7FD3-4947-9873-3E8ED9C1BB05): 15
LogDevObjectVersion:   Dev-ReflectionCapture (6B266CEC-1EC7-4B8F-A30B-E4D90942FC07): 1
LogDevObjectVersion:   Dev-Automation (0DF73D61-A23F-47EA-B727-89E90C41499A): 1
LogDevObjectVersion:   FortniteMain (601D1886-AC64-4F84-AA16-D3DE0DEAC7D6): 47
LogDevObjectVersion:   FortniteRelease (E7086368-6B23-4C58-8439-1B7016265E91): 1
LogDevObjectVersion:   Dev-Enterprise (9DFFBCD6-494F-0158-E221-12823C92A888): 10
LogDevObjectVersion:   Dev-Niagara (F2AED0AC-9AFE-416F-8664-AA7FFA26D6FC): 1
LogDevObjectVersion:   Dev-Destruction (174F1F0B-B4C6-45A5-B13F-2EE8D0FB917D): 10
LogDevObjectVersion:   Dev-Physics-Ext (35F94A83-E258-406C-A318-09F59610247C): 41
LogDevObjectVersion:   Dev-PhysicsMaterial-Chaos (B68FC16E-8B1B-42E2-B453-215C058844FE): 1
LogDevObjectVersion:   Dev-CineCamera (B2E18506-4273-CFC2-A54E-F4BB758BBA07): 1
LogDevObjectVersion:   Dev-VirtualProduction (64F58936-FD1B-42BA-BA96-7289D5D0FA4E): 1
LogDevObjectVersion:   Dev-MediaFramework (6F0ED827-A609-4895-9C91-998D90180EA4): 2
LogInit: Presizing for max 25165824 objects, including 0 objects not considered by GC, pre-allocating 0 bytes for permanent pool.
LogConfig: Applying CVar settings from Section [/Script/Engine.StreamingSettings] File [C:/Users/kbc12006038/Documents/Unreal/UnrealQuest3_UE4/UnrealQuest3_UE4/Saved/Config/Windows/Engine.ini]
LogConfig: Setting CVar [[s.MinBulkDataSizeForAsyncLoading:131072]]
LogConfig: Setting CVar [[s.AsyncLoadingThreadEnabled:0]]
LogConfig: Setting CVar [[s.EventDrivenLoaderEnabled:1]]
LogConfig: Setting CVar [[s.WarnIfTimeLimitExceeded:0]]
LogConfig: Setting CVar [[s.TimeLimitExceededMultiplier:1.5]]
LogConfig: Setting CVar [[s.TimeLimitExceededMinTime:0.005]]
LogConfig: Setting CVar [[s.UseBackgroundLevelStreaming:1]]
LogConfig: Setting CVar [[s.PriorityAsyncLoadingExtraTime:15.0]]
LogConfig: Setting CVar [[s.LevelStreamingActorsUpdateTimeLimit:5.0]]
LogConfig: Setting CVar [[s.PriorityLevelStreamingActorsUpdateExtraTime:5.0]]
LogConfig: Setting CVar [[s.LevelStreamingComponentsRegistrationGranularity:10]]
LogConfig: Setting CVar [[s.UnregisterComponentsTimeLimit:1.0]]
LogConfig: Setting CVar [[s.LevelStreamingComponentsUnregistrationGranularity:5]]
LogConfig: Setting CVar [[s.FlushStreamingOnExit:1]]
LogInit: Object subsystem initialized
LogConfig: Setting CVar [[con.DebugEarlyDefault:1]]
LogConfig: Setting CVar [[r.setres:1280x720]]
[2022.07.14-02.35.07:534][  0]LogConfig: Setting CVar [[r.VSync:0]]
[2022.07.14-02.35.07:534][  0]LogConfig: Setting CVar [[r.RHICmdBypass:0]]
[2022.07.14-02.35.07:534][  0]LogConfig: Applying CVar settings from Section [/Script/Engine.RendererSettings] File [C:/Users/kbc12006038/Documents/Unreal/UnrealQuest3_UE4/UnrealQuest3_UE4/Saved/Config/Windows/Engine.ini]
[2022.07.14-02.35.07:534][  0]LogConfig: Setting CVar [[r.GPUCrashDebugging:0]]
[2022.07.14-02.35.07:534][  0]LogConfig: Applying CVar settings from Section [/Script/Engine.RendererOverrideSettings] File [C:/Users/kbc12006038/Documents/Unreal/UnrealQuest3_UE4/UnrealQuest3_UE4/Saved/Config/Windows/Engine.ini]
[2022.07.14-02.35.07:534][  0]LogConfig: Applying CVar settings from Section [/Script/Engine.StreamingSettings] File [C:/Users/kbc12006038/Documents/Unreal/UnrealQuest3_UE4/UnrealQuest3_UE4/Saved/Config/Windows/Engine.ini]
[2022.07.14-02.35.07:534][  0]LogConfig: Setting CVar [[s.MinBulkDataSizeForAsyncLoading:131072]]
[2022.07.14-02.35.07:534][  0]LogConfig: Setting CVar [[s.AsyncLoadingThreadEnabled:0]]
[2022.07.14-02.35.07:534][  0]LogConfig: Setting CVar [[s.EventDrivenLoaderEnabled:1]]
[2022.07.14-02.35.07:534][  0]LogConfig: Setting CVar [[s.WarnIfTimeLimitExceeded:0]]
[2022.07.14-02.35.07:534][  0]LogConfig: Setting CVar [[s.TimeLimitExceededMultiplier:1.5]]
[2022.07.14-02.35.07:534][  0]LogConfig: Setting CVar [[s.TimeLimitExceededMinTime:0.005]]
[2022.07.14-02.35.07:534][  0]LogConfig: Setting CVar [[s.UseBackgroundLevelStreaming:1]]
[2022.07.14-02.35.07:534][  0]LogConfig: Setting CVar [[s.PriorityAsyncLoadingExtraTime:15.0]]
[2022.07.14-02.35.07:534][  0]LogConfig: Setting CVar [[s.LevelStreamingActorsUpdateTimeLimit:5.0]]
[2022.07.14-02.35.07:534][  0]LogConfig: Setting CVar [[s.PriorityLevelStreamingActorsUpdateExtraTime:5.0]]
[2022.07.14-02.35.07:534][  0]LogConfig: Setting CVar [[s.LevelStreamingComponentsRegistrationGranularity:10]]
[2022.07.14-02.35.07:534][  0]LogConfig: Setting CVar [[s.UnregisterComponentsTimeLimit:1.0]]
[2022.07.14-02.35.07:534][  0]LogConfig: Setting CVar [[s.LevelStreamingComponentsUnregistrationGranularity:5]]
[2022.07.14-02.35.07:534][  0]LogConfig: Setting CVar [[s.FlushStreamingOnExit:1]]
[2022.07.14-02.35.07:534][  0]LogConfig: Applying CVar settings from Section [/Script/Engine.GarbageCollectionSettings] File [C:/Users/kbc12006038/Documents/Unreal/UnrealQuest3_UE4/UnrealQuest3_UE4/Saved/Config/Windows/Engine.ini]
[2022.07.14-02.35.07:534][  0]LogConfig: Setting CVar [[gc.MaxObjectsNotConsideredByGC:1]]
[2022.07.14-02.35.07:534][  0]LogConfig: Setting CVar [[gc.SizeOfPermanentObjectPool:0]]
[2022.07.14-02.35.07:534][  0]LogConfig: Setting CVar [[gc.FlushStreamingOnGC:0]]
[2022.07.14-02.35.07:534][  0]LogConfig: Setting CVar [[gc.NumRetriesBeforeForcingGC:10]]
[2022.07.14-02.35.07:534][  0]LogConfig: Setting CVar [[gc.AllowParallelGC:1]]
[2022.07.14-02.35.07:534][  0]LogConfig: Setting CVar [[gc.TimeBetweenPurgingPendingKillObjects:61.1]]
[2022.07.14-02.35.07:534][  0]LogConfig: Setting CVar [[gc.MaxObjectsInEditor:25165824]]
[2022.07.14-02.35.07:534][  0]LogConfig: Setting CVar [[gc.IncrementalBeginDestroyEnabled:1]]
[2022.07.14-02.35.07:534][  0]LogConfig: Setting CVar [[gc.CreateGCClusters:1]]
[2022.07.14-02.35.07:534][  0]LogConfig: Setting CVar [[gc.MinGCClusterSize:5]]
[2022.07.14-02.35.07:534][  0]LogConfig: Setting CVar [[gc.ActorClusteringEnabled:0]]
[2022.07.14-02.35.07:534][  0]LogConfig: Setting CVar [[gc.BlueprintClusteringEnabled:0]]
[2022.07.14-02.35.07:534][  0]LogConfig: Setting CVar [[gc.UseDisregardForGCOnDedicatedServers:0]]
[2022.07.14-02.35.07:534][  0]LogConfig: Setting CVar [[gc.MultithreadedDestructionEnabled:1]]
[2022.07.14-02.35.07:534][  0]LogConfig: Applying CVar settings from Section [/Script/Engine.NetworkSettings] File [C:/Users/kbc12006038/Documents/Unreal/UnrealQuest3_UE4/UnrealQuest3_UE4/Saved/Config/Windows/Engine.ini]
[2022.07.14-02.35.07:534][  0]LogConfig: Applying CVar settings from Section [/Script/UnrealEd.CookerSettings] File [C:/Users/kbc12006038/Documents/Unreal/UnrealQuest3_UE4/UnrealQuest3_UE4/Saved/Config/Windows/Engine.ini]
[2022.07.14-02.35.07:541][  0]LogConfig: Applying CVar settings from Section [ViewDistanceQuality@3] File [C:/Users/kbc12006038/Documents/Unreal/UnrealQuest3_UE4/UnrealQuest3_UE4/Saved/Config/Windows/Scalability.ini]
[2022.07.14-02.35.07:541][  0]LogConfig: Setting CVar [[r.SkeletalMeshLODBias:0]]
[2022.07.14-02.35.07:541][  0]LogConfig: Setting CVar [[r.ViewDistanceScale:1.0]]
[2022.07.14-02.35.07:541][  0]LogConfig: Applying CVar settings from Section [AntiAliasingQuality@3] File [C:/Users/kbc12006038/Documents/Unreal/UnrealQuest3_UE4/UnrealQuest3_UE4/Saved/Config/Windows/Scalability.ini]
[2022.07.14-02.35.07:541][  0]LogConfig: Setting CVar [[r.PostProcessAAQuality:4]]
[2022.07.14-02.35.07:541][  0]LogConfig: Applying CVar settings from Section [ShadowQuality@3] File [C:/Users/kbc12006038/Documents/Unreal/UnrealQuest3_UE4/UnrealQuest3_UE4/Saved/Config/Windows/Scalability.ini]
[2022.07.14-02.35.07:541][  0]LogConfig: Setting CVar [[r.LightFunctionQuality:1]]
[2022.07.14-02.35.07:541][  0]LogConfig: Setting CVar [[r.ShadowQuality:5]]
[2022.07.14-02.35.07:541][  0]LogConfig: Setting CVar [[r.Shadow.CSM.MaxCascades:10]]
[2022.07.14-02.35.07:541][  0]LogConfig: Setting CVar [[r.Shadow.MaxResolution:2048]]
[2022.07.14-02.35.07:541][  0]LogConfig: Setting CVar [[r.Shadow.MaxCSMResolution:2048]]
[2022.07.14-02.35.07:541][  0]LogConfig: Setting CVar [[r.Shadow.RadiusThreshold:0.01]]
[2022.07.14-02.35.07:541][  0]LogConfig: Setting CVar [[r.Shadow.DistanceScale:1.0]]
[2022.07.14-02.35.07:541][  0]LogConfig: Setting CVar [[r.Shadow.CSM.TransitionScale:1.0]]
[2022.07.14-02.35.07:541][  0]LogConfig: Setting CVar [[r.Shadow.PreShadowResolutionFactor:1.0]]
[2022.07.14-02.35.07:541][  0]LogConfig: Setting CVar [[r.DistanceFieldShadowing:1]]
[2022.07.14-02.35.07:541][  0]LogConfig: Setting CVar [[r.DistanceFieldAO:1]]
[2022.07.14-02.35.07:541][  0]LogConfig: Setting CVar [[r.AOQuality:2]]
[2022.07.14-02.35.07:541][  0]LogConfig: Setting CVar [[r.VolumetricFog:1]]
[2022.07.14-02.35.07:541][  0]LogConfig: Setting CVar [[r.VolumetricFog.GridPixelSize:8]]
[2022.07.14-02.35.07:541][  0]LogConfig: Setting CVar [[r.VolumetricFog.GridSizeZ:128]]
[2022.07.14-02.35.07:541][  0]LogConfig: Setting CVar [[r.VolumetricFog.HistoryMissSupersampleCount:4]]
[2022.07.14-02.35.07:541][  0]LogConfig: Setting CVar [[r.LightMaxDrawDistanceScale:1]]
[2022.07.14-02.35.07:541][  0]LogConfig: Setting CVar [[r.CapsuleShadows:1]]
[2022.07.14-02.35.07:541][  0]LogConfig: Applying CVar settings from Section [PostProcessQuality@3] File [C:/Users/kbc12006038/Documents/Unreal/UnrealQuest3_UE4/UnrealQuest3_UE4/Saved/Config/Windows/Scalability.ini]
[2022.07.14-02.35.07:541][  0]LogConfig: Setting CVar [[r.MotionBlurQuality:4]]
[2022.07.14-02.35.07:541][  0]LogConfig: Setting CVar [[r.AmbientOcclusionMipLevelFactor:0.4]]
[2022.07.14-02.35.07:541][  0]LogConfig: Setting CVar [[r.AmbientOcclusionMaxQuality:100]]
[2022.07.14-02.35.07:541][  0]LogConfig: Setting CVar [[r.AmbientOcclusionLevels:-1]]
[2022.07.14-02.35.07:541][  0]LogConfig: Setting CVar [[r.AmbientOcclusionRadiusScale:1.0]]
[2022.07.14-02.35.07:541][  0]LogConfig: Setting CVar [[r.DepthOfFieldQuality:2]]
[2022.07.14-02.35.07:541][  0]LogConfig: Setting CVar [[r.RenderTargetPoolMin:400]]
[2022.07.14-02.35.07:541][  0]LogConfig: Setting CVar [[r.LensFlareQuality:2]]
[2022.07.14-02.35.07:541][  0]LogConfig: Setting CVar [[r.SceneColorFringeQuality:1]]
[2022.07.14-02.35.07:541][  0]LogConfig: Setting CVar [[r.EyeAdaptationQuality:2]]
[2022.07.14-02.35.07:541][  0]LogConfig: Setting CVar [[r.BloomQuality:5]]
[2022.07.14-02.35.07:541][  0]LogConfig: Setting CVar [[r.FastBlurThreshold:100]]
[2022.07.14-02.35.07:541][  0]LogConfig: Setting CVar [[r.Upscale.Quality:3]]
[2022.07.14-02.35.07:541][  0]LogConfig: Setting CVar [[r.Tonemapper.GrainQuantization:1]]
[2022.07.14-02.35.07:541][  0]LogConfig: Setting CVar [[r.LightShaftQuality:1]]
[2022.07.14-02.35.07:541][  0]LogConfig: Setting CVar [[r.Filter.SizeScale:1]]
[2022.07.14-02.35.07:541][  0]LogConfig: Setting CVar [[r.Tonemapper.Quality:5]]
[2022.07.14-02.35.07:541][  0]LogConfig: Setting CVar [[r.DOF.Gather.AccumulatorQuality:1        ; higher gathering accumulator quality]]
[2022.07.14-02.35.07:541][  0]LogConfig: Setting CVar [[r.DOF.Gather.PostfilterMethod:1          ; Median3x3 postfilering method]]
[2022.07.14-02.35.07:541][  0]LogConfig: Setting CVar [[r.DOF.Gather.EnableBokehSettings:0       ; no bokeh simulation when gathering]]
[2022.07.14-02.35.07:541][  0]LogConfig: Setting CVar [[r.DOF.Gather.RingCount:4                 ; medium number of samples when gathering]]
[2022.07.14-02.35.07:541][  0]LogConfig: Setting CVar [[r.DOF.Scatter.ForegroundCompositing:1    ; additive foreground scattering]]
[2022.07.14-02.35.07:541][  0]LogConfig: Setting CVar [[r.DOF.Scatter.BackgroundCompositing:2    ; additive background scattering]]
[2022.07.14-02.35.07:541][  0]LogConfig: Setting CVar [[r.DOF.Scatter.EnableBokehSettings:1      ; bokeh simulation when scattering]]
[2022.07.14-02.35.07:541][  0]LogConfig: Setting CVar [[r.DOF.Scatter.MaxSpriteRatio:0.1         ; only a maximum of 10% of scattered bokeh]]
[2022.07.14-02.35.07:541][  0]LogConfig: Setting CVar [[r.DOF.Recombine.Quality:1                ; cheap slight out of focus]]
[2022.07.14-02.35.07:541][  0]LogConfig: Setting CVar [[r.DOF.Recombine.EnableBokehSettings:0    ; no bokeh simulation on slight out of focus]]
[2022.07.14-02.35.07:541][  0]LogConfig: Setting CVar [[r.DOF.TemporalAAQuality:1                ; more stable temporal accumulation]]
[2022.07.14-02.35.07:541][  0]LogConfig: Setting CVar [[r.DOF.Kernel.MaxForegroundRadius:0.025]]
[2022.07.14-02.35.07:541][  0]LogConfig: Setting CVar [[r.DOF.Kernel.MaxBackgroundRadius:0.025]]
[2022.07.14-02.35.07:541][  0]LogConfig: Applying CVar settings from Section [TextureQuality@3] File [C:/Users/kbc12006038/Documents/Unreal/UnrealQuest3_UE4/UnrealQuest3_UE4/Saved/Config/Windows/Scalability.ini]
[2022.07.14-02.35.07:541][  0]LogConfig: Setting CVar [[r.Streaming.MipBias:0]]
[2022.07.14-02.35.07:541][  0]LogConfig: Setting CVar [[r.Streaming.AmortizeCPUToGPUCopy:0]]
[2022.07.14-02.35.07:541][  0]LogConfig: Setting CVar [[r.Streaming.MaxNumTexturesToStreamPerFrame:0]]
[2022.07.14-02.35.07:541][  0]LogConfig: Setting CVar [[r.Streaming.Boost:1]]
[2022.07.14-02.35.07:541][  0]LogConfig: Setting CVar [[r.MaxAnisotropy:8]]
[2022.07.14-02.35.07:541][  0]LogConfig: Setting CVar [[r.VT.MaxAnisotropy:8]]
[2022.07.14-02.35.07:541][  0]LogConfig: Setting CVar [[r.Streaming.LimitPoolSizeToVRAM:0]]
[2022.07.14-02.35.07:542][  0]LogConfig: Setting CVar [[r.Streaming.PoolSize:1000]]
[2022.07.14-02.35.07:542][  0]LogConfig: Setting CVar [[r.Streaming.MaxEffectiveScreenSize:0]]
[2022.07.14-02.35.07:542][  0]LogConfig: Applying CVar settings from Section [EffectsQuality@3] File [C:/Users/kbc12006038/Documents/Unreal/UnrealQuest3_UE4/UnrealQuest3_UE4/Saved/Config/Windows/Scalability.ini]
[2022.07.14-02.35.07:542][  0]LogConfig: Setting CVar [[r.TranslucencyLightingVolumeDim:64]]
[2022.07.14-02.35.07:542][  0]LogConfig: Setting CVar [[r.RefractionQuality:2]]
[2022.07.14-02.35.07:542][  0]LogConfig: Setting CVar [[r.SSR.Quality:3]]
[2022.07.14-02.35.07:542][  0]LogConfig: Setting CVar [[r.SSR.HalfResSceneColor:0]]
[2022.07.14-02.35.07:542][  0]LogConfig: Setting CVar [[r.SceneColorFormat:4]]
[2022.07.14-02.35.07:542][  0]LogConfig: Setting CVar [[r.DetailMode:2]]
[2022.07.14-02.35.07:542][  0]LogConfig: Setting CVar [[r.TranslucencyVolumeBlur:1]]
[2022.07.14-02.35.07:542][  0]LogConfig: Setting CVar [[r.MaterialQualityLevel:1 ; High quality]]
[2022.07.14-02.35.07:542][  0]LogConfig: Setting CVar [[r.AnisotropicMaterials:1]]
[2022.07.14-02.35.07:542][  0]LogConfig: Setting CVar [[r.SSS.Scale:1]]
[2022.07.14-02.35.07:542][  0]LogConfig: Setting CVar [[r.SSS.SampleSet:2]]
[2022.07.14-02.35.07:542][  0]LogConfig: Setting CVar [[r.SSS.Quality:1]]
[2022.07.14-02.35.07:542][  0]LogConfig: Setting CVar [[r.SSS.HalfRes:0]]
[2022.07.14-02.35.07:542][  0]LogConfig: Setting CVar [[r.SSGI.Quality:3]]
[2022.07.14-02.35.07:542][  0]LogConfig: Setting CVar [[r.EmitterSpawnRateScale:1.0]]
[2022.07.14-02.35.07:542][  0]LogConfig: Setting CVar [[r.ParticleLightQuality:2]]
[2022.07.14-02.35.07:542][  0]LogConfig: Setting CVar [[r.SkyAtmosphere.AerialPerspectiveLUT.FastApplyOnOpaque:1 ; Always have FastSkyLUT 1 in this case to avoid wrong sky]]
[2022.07.14-02.35.07:542][  0]LogConfig: Setting CVar [[r.SkyAtmosphere.AerialPerspectiveLUT.SampleCountMaxPerSlice:4]]
[2022.07.14-02.35.07:542][  0]LogConfig: Setting CVar [[r.SkyAtmosphere.AerialPerspectiveLUT.DepthResolution:16.0]]
[2022.07.14-02.35.07:542][  0]LogConfig: Setting CVar [[r.SkyAtmosphere.FastSkyLUT:1]]
[2022.07.14-02.35.07:542][  0]LogConfig: Setting CVar [[r.SkyAtmosphere.FastSkyLUT.SampleCountMin:4.0]]
[2022.07.14-02.35.07:542][  0]LogConfig: Setting CVar [[r.SkyAtmosphere.FastSkyLUT.SampleCountMax:128.0]]
[2022.07.14-02.35.07:542][  0]LogConfig: Setting CVar [[r.SkyAtmosphere.SampleCountMin:4.0]]
[2022.07.14-02.35.07:542][  0]LogConfig: Setting CVar [[r.SkyAtmosphere.SampleCountMax:128.0]]
[2022.07.14-02.35.07:542][  0]LogConfig: Setting CVar [[r.SkyAtmosphere.TransmittanceLUT.UseSmallFormat:0]]
[2022.07.14-02.35.07:542][  0]LogConfig: Setting CVar [[r.SkyAtmosphere.TransmittanceLUT.SampleCount:10.0]]
[2022.07.14-02.35.07:542][  0]LogConfig: Setting CVar [[r.SkyAtmosphere.MultiScatteringLUT.SampleCount:15.0]]
[2022.07.14-02.35.07:542][  0]LogConfig: Setting CVar [[r.SkyLight.RealTimeReflectionCapture:1]]
[2022.07.14-02.35.07:542][  0]LogConfig: Applying CVar settings from Section [FoliageQuality@3] File [C:/Users/kbc12006038/Documents/Unreal/UnrealQuest3_UE4/UnrealQuest3_UE4/Saved/Config/Windows/Scalability.ini]
[2022.07.14-02.35.07:542][  0]LogConfig: Setting CVar [[foliage.DensityScale:1.0]]
[2022.07.14-02.35.07:542][  0]LogConfig: Setting CVar [[grass.DensityScale:1.0]]
[2022.07.14-02.35.07:542][  0]LogConfig: Applying CVar settings from Section [ShadingQuality@3] File [C:/Users/kbc12006038/Documents/Unreal/UnrealQuest3_UE4/UnrealQuest3_UE4/Saved/Config/Windows/Scalability.ini]
[2022.07.14-02.35.07:542][  0]LogConfig: Setting CVar [[r.HairStrands.SkyLighting.IntegrationType:2]]
[2022.07.14-02.35.07:542][  0]LogConfig: Setting CVar [[r.HairStrands.SkyAO.SampleCount:4]]
[2022.07.14-02.35.07:542][  0]LogConfig: Setting CVar [[r.HairStrands.Visibility.MSAA.SamplePerPixel:4]]
[2022.07.14-02.35.07:542][  0]LogInit: Selected Device Profile: [Windows]
[2022.07.14-02.35.07:542][  0]LogInit: Applying CVar settings loaded from the selected device profile: [Windows]
[2022.07.14-02.35.07:542][  0]LogHAL: Display: Platform has ~ 16 GB [17018302464 / 17179869184 / 16], which maps to Larger [LargestMinGB=32, LargerMinGB=12, DefaultMinGB=8, SmallerMinGB=6, SmallestMinGB=0)
[2022.07.14-02.35.07:542][  0]LogInit: Going up to parent DeviceProfile []
[2022.07.14-02.35.07:542][  0]LogConfig: Applying CVar settings from Section [ViewDistanceQuality@3] File [C:/Users/kbc12006038/Documents/Unreal/UnrealQuest3_UE4/UnrealQuest3_UE4/Saved/Config/Windows/Scalability.ini]
[2022.07.14-02.35.07:542][  0]LogConfig: Setting CVar [[r.SkeletalMeshLODBias:0]]
[2022.07.14-02.35.07:542][  0]LogConfig: Setting CVar [[r.ViewDistanceScale:1.0]]
[2022.07.14-02.35.07:542][  0]LogConfig: Applying CVar settings from Section [AntiAliasingQuality@3] File [C:/Users/kbc12006038/Documents/Unreal/UnrealQuest3_UE4/UnrealQuest3_UE4/Saved/Config/Windows/Scalability.ini]
[2022.07.14-02.35.07:542][  0]LogConfig: Setting CVar [[r.PostProcessAAQuality:4]]
[2022.07.14-02.35.07:542][  0]LogConfig: Applying CVar settings from Section [ShadowQuality@3] File [C:/Users/kbc12006038/Documents/Unreal/UnrealQuest3_UE4/UnrealQuest3_UE4/Saved/Config/Windows/Scalability.ini]
[2022.07.14-02.35.07:542][  0]LogConfig: Setting CVar [[r.LightFunctionQuality:1]]
[2022.07.14-02.35.07:542][  0]LogConfig: Setting CVar [[r.ShadowQuality:5]]
[2022.07.14-02.35.07:542][  0]LogConfig: Setting CVar [[r.Shadow.CSM.MaxCascades:10]]
[2022.07.14-02.35.07:542][  0]LogConfig: Setting CVar [[r.Shadow.MaxResolution:2048]]
[2022.07.14-02.35.07:542][  0]LogConfig: Setting CVar [[r.Shadow.MaxCSMResolution:2048]]
[2022.07.14-02.35.07:542][  0]LogConfig: Setting CVar [[r.Shadow.RadiusThreshold:0.01]]
[2022.07.14-02.35.07:542][  0]LogConfig: Setting CVar [[r.Shadow.DistanceScale:1.0]]
[2022.07.14-02.35.07:542][  0]LogConfig: Setting CVar [[r.Shadow.CSM.TransitionScale:1.0]]
[2022.07.14-02.35.07:542][  0]LogConfig: Setting CVar [[r.Shadow.PreShadowResolutionFactor:1.0]]
[2022.07.14-02.35.07:542][  0]LogConfig: Setting CVar [[r.DistanceFieldShadowing:1]]
[2022.07.14-02.35.07:542][  0]LogConfig: Setting CVar [[r.DistanceFieldAO:1]]
[2022.07.14-02.35.07:542][  0]LogConfig: Setting CVar [[r.AOQuality:2]]
[2022.07.14-02.35.07:542][  0]LogConfig: Setting CVar [[r.VolumetricFog:1]]
[2022.07.14-02.35.07:542][  0]LogConfig: Setting CVar [[r.VolumetricFog.GridPixelSize:8]]
[2022.07.14-02.35.07:542][  0]LogConfig: Setting CVar [[r.VolumetricFog.GridSizeZ:128]]
[2022.07.14-02.35.07:542][  0]LogConfig: Setting CVar [[r.VolumetricFog.HistoryMissSupersampleCount:4]]
[2022.07.14-02.35.07:542][  0]LogConfig: Setting CVar [[r.LightMaxDrawDistanceScale:1]]
[2022.07.14-02.35.07:542][  0]LogConfig: Setting CVar [[r.CapsuleShadows:1]]
[2022.07.14-02.35.07:542][  0]LogConfig: Applying CVar settings from Section [PostProcessQuality@3] File [C:/Users/kbc12006038/Documents/Unreal/UnrealQuest3_UE4/UnrealQuest3_UE4/Saved/Config/Windows/Scalability.ini]
[2022.07.14-02.35.07:542][  0]LogConfig: Setting CVar [[r.MotionBlurQuality:4]]
[2022.07.14-02.35.07:542][  0]LogConfig: Setting CVar [[r.AmbientOcclusionMipLevelFactor:0.4]]
[2022.07.14-02.35.07:542][  0]LogConfig: Setting CVar [[r.AmbientOcclusionMaxQuality:100]]
[2022.07.14-02.35.07:542][  0]LogConfig: Setting CVar [[r.AmbientOcclusionLevels:-1]]
[2022.07.14-02.35.07:542][  0]LogConfig: Setting CVar [[r.AmbientOcclusionRadiusScale:1.0]]
[2022.07.14-02.35.07:542][  0]LogConfig: Setting CVar [[r.DepthOfFieldQuality:2]]
[2022.07.14-02.35.07:542][  0]LogConfig: Setting CVar [[r.RenderTargetPoolMin:400]]
[2022.07.14-02.35.07:542][  0]LogConfig: Setting CVar [[r.LensFlareQuality:2]]
[2022.07.14-02.35.07:542][  0]LogConfig: Setting CVar [[r.SceneColorFringeQuality:1]]
[2022.07.14-02.35.07:542][  0]LogConfig: Setting CVar [[r.EyeAdaptationQuality:2]]
[2022.07.14-02.35.07:542][  0]LogConfig: Setting CVar [[r.BloomQuality:5]]
[2022.07.14-02.35.07:542][  0]LogConfig: Setting CVar [[r.FastBlurThreshold:100]]
[2022.07.14-02.35.07:542][  0]LogConfig: Setting CVar [[r.Upscale.Quality:3]]
[2022.07.14-02.35.07:543][  0]LogConfig: Setting CVar [[r.Tonemapper.GrainQuantization:1]]
[2022.07.14-02.35.07:543][  0]LogConfig: Setting CVar [[r.LightShaftQuality:1]]
[2022.07.14-02.35.07:543][  0]LogConfig: Setting CVar [[r.Filter.SizeScale:1]]
[2022.07.14-02.35.07:543][  0]LogConfig: Setting CVar [[r.Tonemapper.Quality:5]]
[2022.07.14-02.35.07:543][  0]LogConfig: Setting CVar [[r.DOF.Gather.AccumulatorQuality:1        ; higher gathering accumulator quality]]
[2022.07.14-02.35.07:543][  0]LogConfig: Setting CVar [[r.DOF.Gather.PostfilterMethod:1          ; Median3x3 postfilering method]]
[2022.07.14-02.35.07:543][  0]LogConfig: Setting CVar [[r.DOF.Gather.EnableBokehSettings:0       ; no bokeh simulation when gathering]]
[2022.07.14-02.35.07:543][  0]LogConfig: Setting CVar [[r.DOF.Gather.RingCount:4                 ; medium number of samples when gathering]]
[2022.07.14-02.35.07:543][  0]LogConfig: Setting CVar [[r.DOF.Scatter.ForegroundCompositing:1    ; additive foreground scattering]]
[2022.07.14-02.35.07:543][  0]LogConfig: Setting CVar [[r.DOF.Scatter.BackgroundCompositing:2    ; additive background scattering]]
[2022.07.14-02.35.07:543][  0]LogConfig: Setting CVar [[r.DOF.Scatter.EnableBokehSettings:1      ; bokeh simulation when scattering]]
[2022.07.14-02.35.07:543][  0]LogConfig: Setting CVar [[r.DOF.Scatter.MaxSpriteRatio:0.1         ; only a maximum of 10% of scattered bokeh]]
[2022.07.14-02.35.07:543][  0]LogConfig: Setting CVar [[r.DOF.Recombine.Quality:1                ; cheap slight out of focus]]
[2022.07.14-02.35.07:543][  0]LogConfig: Setting CVar [[r.DOF.Recombine.EnableBokehSettings:0    ; no bokeh simulation on slight out of focus]]
[2022.07.14-02.35.07:543][  0]LogConfig: Setting CVar [[r.DOF.TemporalAAQuality:1                ; more stable temporal accumulation]]
[2022.07.14-02.35.07:543][  0]LogConfig: Setting CVar [[r.DOF.Kernel.MaxForegroundRadius:0.025]]
[2022.07.14-02.35.07:543][  0]LogConfig: Setting CVar [[r.DOF.Kernel.MaxBackgroundRadius:0.025]]
[2022.07.14-02.35.07:543][  0]LogConfig: Applying CVar settings from Section [TextureQuality@3] File [C:/Users/kbc12006038/Documents/Unreal/UnrealQuest3_UE4/UnrealQuest3_UE4/Saved/Config/Windows/Scalability.ini]
[2022.07.14-02.35.07:543][  0]LogConfig: Setting CVar [[r.Streaming.MipBias:0]]
[2022.07.14-02.35.07:543][  0]LogConfig: Setting CVar [[r.Streaming.AmortizeCPUToGPUCopy:0]]
[2022.07.14-02.35.07:543][  0]LogConfig: Setting CVar [[r.Streaming.MaxNumTexturesToStreamPerFrame:0]]
[2022.07.14-02.35.07:543][  0]LogConfig: Setting CVar [[r.Streaming.Boost:1]]
[2022.07.14-02.35.07:543][  0]LogConfig: Setting CVar [[r.MaxAnisotropy:8]]
[2022.07.14-02.35.07:543][  0]LogConfig: Setting CVar [[r.VT.MaxAnisotropy:8]]
[2022.07.14-02.35.07:543][  0]LogConfig: Setting CVar [[r.Streaming.LimitPoolSizeToVRAM:0]]
[2022.07.14-02.35.07:543][  0]LogConfig: Setting CVar [[r.Streaming.PoolSize:1000]]
[2022.07.14-02.35.07:543][  0]LogConfig: Setting CVar [[r.Streaming.MaxEffectiveScreenSize:0]]
[2022.07.14-02.35.07:543][  0]LogConfig: Applying CVar settings from Section [EffectsQuality@3] File [C:/Users/kbc12006038/Documents/Unreal/UnrealQuest3_UE4/UnrealQuest3_UE4/Saved/Config/Windows/Scalability.ini]
[2022.07.14-02.35.07:543][  0]LogConfig: Setting CVar [[r.TranslucencyLightingVolumeDim:64]]
[2022.07.14-02.35.07:543][  0]LogConfig: Setting CVar [[r.RefractionQuality:2]]
[2022.07.14-02.35.07:543][  0]LogConfig: Setting CVar [[r.SSR.Quality:3]]
[2022.07.14-02.35.07:543][  0]LogConfig: Setting CVar [[r.SSR.HalfResSceneColor:0]]
[2022.07.14-02.35.07:543][  0]LogConfig: Setting CVar [[r.SceneColorFormat:4]]
[2022.07.14-02.35.07:543][  0]LogConfig: Setting CVar [[r.DetailMode:2]]
[2022.07.14-02.35.07:543][  0]LogConfig: Setting CVar [[r.TranslucencyVolumeBlur:1]]
[2022.07.14-02.35.07:543][  0]LogConfig: Setting CVar [[r.MaterialQualityLevel:1 ; High quality]]
[2022.07.14-02.35.07:543][  0]LogConfig: Setting CVar [[r.AnisotropicMaterials:1]]
[2022.07.14-02.35.07:543][  0]LogConfig: Setting CVar [[r.SSS.Scale:1]]
[2022.07.14-02.35.07:543][  0]LogConfig: Setting CVar [[r.SSS.SampleSet:2]]
[2022.07.14-02.35.07:543][  0]LogConfig: Setting CVar [[r.SSS.Quality:1]]
[2022.07.14-02.35.07:543][  0]LogConfig: Setting CVar [[r.SSS.HalfRes:0]]
[2022.07.14-02.35.07:543][  0]LogConfig: Setting CVar [[r.SSGI.Quality:3]]
[2022.07.14-02.35.07:543][  0]LogConfig: Setting CVar [[r.EmitterSpawnRateScale:1.0]]
[2022.07.14-02.35.07:543][  0]LogConfig: Setting CVar [[r.ParticleLightQuality:2]]
[2022.07.14-02.35.07:543][  0]LogConfig: Setting CVar [[r.SkyAtmosphere.AerialPerspectiveLUT.FastApplyOnOpaque:1 ; Always have FastSkyLUT 1 in this case to avoid wrong sky]]
[2022.07.14-02.35.07:543][  0]LogConfig: Setting CVar [[r.SkyAtmosphere.AerialPerspectiveLUT.SampleCountMaxPerSlice:4]]
[2022.07.14-02.35.07:543][  0]LogConfig: Setting CVar [[r.SkyAtmosphere.AerialPerspectiveLUT.DepthResolution:16.0]]
[2022.07.14-02.35.07:543][  0]LogConfig: Setting CVar [[r.SkyAtmosphere.FastSkyLUT:1]]
[2022.07.14-02.35.07:543][  0]LogConfig: Setting CVar [[r.SkyAtmosphere.FastSkyLUT.SampleCountMin:4.0]]
[2022.07.14-02.35.07:543][  0]LogConfig: Setting CVar [[r.SkyAtmosphere.FastSkyLUT.SampleCountMax:128.0]]
[2022.07.14-02.35.07:543][  0]LogConfig: Setting CVar [[r.SkyAtmosphere.SampleCountMin:4.0]]
[2022.07.14-02.35.07:543][  0]LogConfig: Setting CVar [[r.SkyAtmosphere.SampleCountMax:128.0]]
[2022.07.14-02.35.07:543][  0]LogConfig: Setting CVar [[r.SkyAtmosphere.TransmittanceLUT.UseSmallFormat:0]]
[2022.07.14-02.35.07:543][  0]LogConfig: Setting CVar [[r.SkyAtmosphere.TransmittanceLUT.SampleCount:10.0]]
[2022.07.14-02.35.07:543][  0]LogConfig: Setting CVar [[r.SkyAtmosphere.MultiScatteringLUT.SampleCount:15.0]]
[2022.07.14-02.35.07:543][  0]LogConfig: Setting CVar [[r.SkyLight.RealTimeReflectionCapture:1]]
[2022.07.14-02.35.07:543][  0]LogConfig: Applying CVar settings from Section [FoliageQuality@3] File [C:/Users/kbc12006038/Documents/Unreal/UnrealQuest3_UE4/UnrealQuest3_UE4/Saved/Config/Windows/Scalability.ini]
[2022.07.14-02.35.07:543][  0]LogConfig: Setting CVar [[foliage.DensityScale:1.0]]
[2022.07.14-02.35.07:543][  0]LogConfig: Setting CVar [[grass.DensityScale:1.0]]
[2022.07.14-02.35.07:543][  0]LogConfig: Applying CVar settings from Section [ShadingQuality@3] File [C:/Users/kbc12006038/Documents/Unreal/UnrealQuest3_UE4/UnrealQuest3_UE4/Saved/Config/Windows/Scalability.ini]
[2022.07.14-02.35.07:543][  0]LogConfig: Setting CVar [[r.HairStrands.SkyLighting.IntegrationType:2]]
[2022.07.14-02.35.07:543][  0]LogConfig: Setting CVar [[r.HairStrands.SkyAO.SampleCount:4]]
[2022.07.14-02.35.07:543][  0]LogConfig: Setting CVar [[r.HairStrands.Visibility.MSAA.SamplePerPixel:4]]
[2022.07.14-02.35.07:543][  0]LogConfig: Applying CVar settings from Section [Startup] File [../../../Engine/Config/ConsoleVariables.ini]
[2022.07.14-02.35.07:543][  0]LogConfig: Setting CVar [[net.UseAdaptiveNetUpdateFrequency:0]]
[2022.07.14-02.35.07:543][  0]LogConfig: Setting CVar [[p.chaos.AllowCreatePhysxBodies:1]]
[2022.07.14-02.35.07:543][  0]LogConfig: Setting CVar [[fx.SkipVectorVMBackendOptimizations:1]]
[2022.07.14-02.35.07:543][  0]LogConfig: Applying CVar settings from Section [ConsoleVariables] File [C:/Users/kbc12006038/Documents/Unreal/UnrealQuest3_UE4/UnrealQuest3_UE4/Saved/Config/Windows/Engine.ini]
[2022.07.14-02.35.07:543][  0]LogConfig: Applying CVar settings from Section [ConsoleVariables] File [C:/Users/kbc12006038/Documents/Unreal/UnrealQuest3_UE4/UnrealQuest3_UE4/Saved/Config/Windows/Editor.ini]
[2022.07.14-02.35.07:544][  0]LogInit: Computer: KBC12006038
[2022.07.14-02.35.07:544][  0]LogInit: User: kbc12006038
[2022.07.14-02.35.07:544][  0]LogInit: CPU Page size=4096, Cores=6
[2022.07.14-02.35.07:544][  0]LogInit: High frequency timer resolution =10.000000 MHz
[2022.07.14-02.35.07:544][  0]LogMemory: Memory total: Physical=15.8GB (16GB approx)
[2022.07.14-02.35.07:544][  0]LogMemory: Platform Memory Stats for Windows
[2022.07.14-02.35.07:544][  0]LogMemory: Process Physical Memory: 140.83 MB used, 140.83 MB peak
[2022.07.14-02.35.07:544][  0]LogMemory: Process Virtual Memory: 128.44 MB used, 128.44 MB peak
[2022.07.14-02.35.07:544][  0]LogMemory: Physical Memory: 9393.12 MB used,  6836.80 MB free, 16229.92 MB total
[2022.07.14-02.35.07:544][  0]LogMemory: Virtual Memory: 134198104.00 MB used,  19627.34 MB free, 134217728.00 MB total
[2022.07.14-02.35.07:595][  0]LogWindows: WindowsPlatformFeatures enabled
[2022.07.14-02.35.07:618][  0]LogInit: Physics initialised using underlying interface: PhysX
[2022.07.14-02.35.07:619][  0]LogInit: Using OS detected language (ja-JP).
[2022.07.14-02.35.07:619][  0]LogInit: Using OS detected locale (ja-JP).
[2022.07.14-02.35.07:621][  0]LogTextLocalizationManager: No specific localization for 'ja-JP' exists, so the 'ja' localization will be used.
[2022.07.14-02.35.07:703][  0]LogInit: Setting process to per monitor DPI aware
[2022.07.14-02.35.07:716][  0]LogWindowsTextInputMethodSystem: Display: IME system deactivated.
[2022.07.14-02.35.07:729][  0]LogSlate: New Slate User Created.  User Index 0, Is Virtual User: 0
[2022.07.14-02.35.07:729][  0]LogSlate: Slate User Registered.  User Index 0, Is Virtual User: 0
[2022.07.14-02.35.07:859][  0]LogD3D11RHI: Loaded GFSDK_Aftermath_Lib.x64.dll
[2022.07.14-02.35.07:891][  0]LogD3D11RHI: D3D11 min allowed feature level: 11_0
[2022.07.14-02.35.07:891][  0]LogD3D11RHI: D3D11 max allowed feature level: 11_0
[2022.07.14-02.35.07:891][  0]LogD3D11RHI: D3D11 adapters:
[2022.07.14-02.35.07:979][  0]LogD3D11RHI:    0. 'NVIDIA GeForce GTX 1650 with Max-Q Design' (Feature Level 11_0)
[2022.07.14-02.35.07:979][  0]LogD3D11RHI:       3962/0/8114 MB DedicatedVideo/DedicatedSystem/SharedSystem, Outputs:1, VendorId:0x10de
[2022.07.14-02.35.08:013][  0]LogD3D11RHI:    1. 'Intel(R) UHD Graphics 630' (Feature Level 11_0)
[2022.07.14-02.35.08:013][  0]LogD3D11RHI:       128/0/8114 MB DedicatedVideo/DedicatedSystem/SharedSystem, Outputs:0, VendorId:0x8086
[2022.07.14-02.35.08:015][  0]LogD3D11RHI:    2. 'Microsoft Basic Render Driver' (Feature Level 11_0)
[2022.07.14-02.35.08:015][  0]LogD3D11RHI:       0/0/8114 MB DedicatedVideo/DedicatedSystem/SharedSystem, Outputs:0, VendorId:0x1414
[2022.07.14-02.35.08:015][  0]LogD3D11RHI: Chosen D3D11 Adapter:
[2022.07.14-02.35.08:015][  0]LogD3D11RHI:     Description : NVIDIA GeForce GTX 1650 with Max-Q Design
[2022.07.14-02.35.08:015][  0]LogD3D11RHI:     VendorId    : 10de
[2022.07.14-02.35.08:015][  0]LogD3D11RHI:     DeviceId    : 1f91
[2022.07.14-02.35.08:015][  0]LogD3D11RHI:     SubSysId    : 127e1462
[2022.07.14-02.35.08:015][  0]LogD3D11RHI:     Revision    : 00a1
[2022.07.14-02.35.08:016][  0]LogD3D11RHI:     DedicatedVideoMemory : 4154458112 bytes
[2022.07.14-02.35.08:016][  0]LogD3D11RHI:     DedicatedSystemMemory : 0 bytes
[2022.07.14-02.35.08:016][  0]LogD3D11RHI:     SharedSystemMemory : 8509151232 bytes
[2022.07.14-02.35.08:016][  0]LogD3D11RHI:     AdapterLuid : 0 58249
[2022.07.14-02.35.08:022][  0]LogD3D11RHI: Creating new Direct3DDevice
[2022.07.14-02.35.08:022][  0]LogD3D11RHI:     GPU DeviceId: 0x1f91 (for the marketing name, search the web for "GPU Device Id")
[2022.07.14-02.35.08:022][  0]LogWindows: EnumDisplayDevices:
[2022.07.14-02.35.08:022][  0]LogWindows:    0. 'Intel(R) UHD Graphics 630' (P:1 D:1)
[2022.07.14-02.35.08:023][  0]LogWindows:    1. 'Intel(R) UHD Graphics 630' (P:0 D:0)
[2022.07.14-02.35.08:023][  0]LogWindows:    2. 'Intel(R) UHD Graphics 630' (P:0 D:0)
[2022.07.14-02.35.08:023][  0]LogWindows: DebugString: PrimaryIsNotTheChoosenAdapter PrimaryIsNotTheChoosenAdapter PrimaryIsNotTheChoosenAdapter FoundDriverCount:0 
[2022.07.14-02.35.08:023][  0]LogD3D11RHI:     Adapter Name: NVIDIA GeForce GTX 1650 with Max-Q Design
[2022.07.14-02.35.08:023][  0]LogD3D11RHI:   Driver Version: Unknown (internal:Unknown, unified:Unknown)
[2022.07.14-02.35.08:023][  0]LogD3D11RHI:      Driver Date: Unknown
[2022.07.14-02.35.08:023][  0]LogRHI: Texture pool is 2773 MB (70% of 3962 MB)
[2022.07.14-02.35.08:023][  0]LogD3D11RHI: Creating D3DDevice using adapter:
[2022.07.14-02.35.08:023][  0]LogD3D11RHI:     Description : NVIDIA GeForce GTX 1650 with Max-Q Design
[2022.07.14-02.35.08:023][  0]LogD3D11RHI:     VendorId    : 10de
[2022.07.14-02.35.08:023][  0]LogD3D11RHI:     DeviceId    : 1f91
[2022.07.14-02.35.08:023][  0]LogD3D11RHI:     SubSysId    : 127e1462
[2022.07.14-02.35.08:023][  0]LogD3D11RHI:     Revision    : 00a1
[2022.07.14-02.35.08:023][  0]LogD3D11RHI:     DedicatedVideoMemory : 4154458112 bytes
[2022.07.14-02.35.08:023][  0]LogD3D11RHI:     DedicatedSystemMemory : 0 bytes
[2022.07.14-02.35.08:023][  0]LogD3D11RHI:     SharedSystemMemory : 8509151232 bytes
[2022.07.14-02.35.08:023][  0]LogD3D11RHI:     AdapterLuid : 0 58249
[2022.07.14-02.35.08:075][  0]LogD3D11RHI: RHI has support for 64 bit atomics
[2022.07.14-02.35.08:075][  0]LogD3D11RHI: Async texture creation enabled
[2022.07.14-02.35.08:075][  0]LogD3D11RHI: Array index from any shader is supported
[2022.07.14-02.35.08:094][  0]LogD3D11RHI: GPU Timing Frequency: 1000.000000 (Debug: 2 2)
[2022.07.14-02.35.08:135][  0]LogRHI: GeForceNow SDK initialized: 1
[2022.07.14-02.35.08:434][  0]LogTargetPlatformManager: Display: Loaded TargetPlatform 'AllDesktop'
[2022.07.14-02.35.08:452][  0]LogTargetPlatformManager: Display: Loaded TargetPlatform 'Android'
[2022.07.14-02.35.08:452][  0]LogTargetPlatformManager: Display: Loaded TargetPlatform 'Android_ASTC'
[2022.07.14-02.35.08:452][  0]LogTargetPlatformManager: Display: Loaded TargetPlatform 'Android_DXT'
[2022.07.14-02.35.08:452][  0]LogTargetPlatformManager: Display: Loaded TargetPlatform 'Android_ETC2'
[2022.07.14-02.35.08:452][  0]LogTargetPlatformManager: Display: Loaded TargetPlatform 'AndroidClient'
[2022.07.14-02.35.08:452][  0]LogTargetPlatformManager: Display: Loaded TargetPlatform 'Android_ASTCClient'
[2022.07.14-02.35.08:452][  0]LogTargetPlatformManager: Display: Loaded TargetPlatform 'Android_DXTClient'
[2022.07.14-02.35.08:452][  0]LogTargetPlatformManager: Display: Loaded TargetPlatform 'Android_ETC2Client'
[2022.07.14-02.35.08:452][  0]LogTargetPlatformManager: Display: Loaded TargetPlatform 'Android_Multi'
[2022.07.14-02.35.08:452][  0]LogTargetPlatformManager: Display: Loaded TargetPlatform 'Android_MultiClient'
[2022.07.14-02.35.08:467][  0]LogTargetPlatformManager: Display: Loaded TargetPlatform 'IOSClient'
[2022.07.14-02.35.08:467][  0]LogTargetPlatformManager: Display: Loaded TargetPlatform 'IOS'
[2022.07.14-02.35.08:475][  0]LogTargetPlatformManager: Display: Loaded TargetPlatform 'Linux'
[2022.07.14-02.35.08:479][  0]LogTargetPlatformManager: Display: Loaded TargetPlatform 'LinuxNoEditor'
[2022.07.14-02.35.08:482][  0]LogTargetPlatformManager: Display: Loaded TargetPlatform 'LinuxClient'
[2022.07.14-02.35.08:486][  0]LogTargetPlatformManager: Display: Loaded TargetPlatform 'LinuxServer'
[2022.07.14-02.35.08:494][  0]LogTargetPlatformManager: Display: Loaded TargetPlatform 'LinuxAArch64NoEditor'
[2022.07.14-02.35.08:498][  0]LogTargetPlatformManager: Display: Loaded TargetPlatform 'LinuxAArch64Client'
[2022.07.14-02.35.08:502][  0]LogTargetPlatformManager: Display: Loaded TargetPlatform 'LinuxAArch64Server'
[2022.07.14-02.35.08:523][  0]LogTargetPlatformManager: Display: Loaded TargetPlatform 'Lumin'
[2022.07.14-02.35.08:523][  0]LogTargetPlatformManager: Display: Loaded TargetPlatform 'LuminClient'
[2022.07.14-02.35.08:530][  0]LogTargetPlatformManager: Display: Loaded TargetPlatform 'MacNoEditor'
[2022.07.14-02.35.08:533][  0]LogTargetPlatformManager: Display: Loaded TargetPlatform 'Mac'
[2022.07.14-02.35.08:537][  0]LogTargetPlatformManager: Display: Loaded TargetPlatform 'MacClient'
[2022.07.14-02.35.08:541][  0]LogTargetPlatformManager: Display: Loaded TargetPlatform 'MacServer'
[2022.07.14-02.35.08:550][  0]LogTargetPlatformManager: Display: Loaded TargetPlatform 'TVOSClient'
[2022.07.14-02.35.08:550][  0]LogTargetPlatformManager: Display: Loaded TargetPlatform 'TVOS'
[2022.07.14-02.35.08:558][  0]LogTargetPlatformManager: Display: Loaded TargetPlatform 'WindowsNoEditor'
[2022.07.14-02.35.08:562][  0]LogTargetPlatformManager: Display: Loaded TargetPlatform 'Windows'
[2022.07.14-02.35.08:566][  0]LogTargetPlatformManager: Display: Loaded TargetPlatform 'WindowsClient'
[2022.07.14-02.35.08:570][  0]LogTargetPlatformManager: Display: Loaded TargetPlatform 'WindowsServer'
[2022.07.14-02.35.08:570][  0]LogTargetPlatformManager: Display: Building Assets For Windows
[2022.07.14-02.35.08:576][  0]LogAudioDebug: Display: Lib vorbis DLL was dynamically loaded.
[2022.07.14-02.35.08:602][  0]LogTextureFormatOodle: Display: Oodle Texture 2.9.0 init RDO Off
[2022.07.14-02.35.08:634][  0]LogRendererCore: Ray tracing is disabled. Reason: r.RayTracing=0.
[2022.07.14-02.35.08:634][  0]LogShaderCompilers: Guid format shader working directory is -20 characters bigger than the processId version (C:/Users/kbc12006038/Documents/Unreal/UnrealQuest3_UE4/UnrealQuest3_UE4/Intermediate/Shaders/WorkingDirectory/29304/).
[2022.07.14-02.35.08:634][  0]LogShaderCompilers: Cleaned the shader compiler working directory 'C:/Users/kbc12006038/AppData/Local/Temp/UnrealShaderWorkingDir/414B3F024B1687DB71DFEA827EC5D998/'.
[2022.07.14-02.35.08:634][  0]LogXGEController: Cannot use XGE Controller as Incredibuild is not installed on this machine.
[2022.07.14-02.35.08:634][  0]LogShaderCompilers: Cannot use XGE Shader Compiler as Incredibuild is not installed on this machine.
[2022.07.14-02.35.08:635][  0]LogShaderCompilers: Display: Using Local Shader Compiler.
[2022.07.14-02.35.09:330][  0]LogDerivedDataCache: Display: Max Cache Size: 512 MB
[2022.07.14-02.35.09:373][  0]LogDerivedDataCache: Loaded boot cache 0.04s 79MB C:/Users/kbc12006038/AppData/Local/UnrealEngine/4.27/DerivedDataCache/Boot.ddc.
[2022.07.14-02.35.09:373][  0]LogDerivedDataCache: Display: Loaded Boot cache: C:/Users/kbc12006038/AppData/Local/UnrealEngine/4.27/DerivedDataCache/Boot.ddc
[2022.07.14-02.35.09:373][  0]LogDerivedDataCache: FDerivedDataBackendGraph:  Pak pak cache file C:/Users/kbc12006038/Documents/Unreal/UnrealQuest3_UE4/UnrealQuest3_UE4/DerivedDataCache/DDC.ddp not found, will not use a pak cache.
[2022.07.14-02.35.09:373][  0]LogDerivedDataCache: Unable to find inner node Pak for hierarchical cache Hierarchy.
[2022.07.14-02.35.09:373][  0]LogDerivedDataCache: FDerivedDataBackendGraph:  CompressedPak pak cache file C:/Users/kbc12006038/Documents/Unreal/UnrealQuest3_UE4/UnrealQuest3_UE4/DerivedDataCache/Compressed.ddp not found, will not use a pak cache.
[2022.07.14-02.35.09:373][  0]LogDerivedDataCache: Unable to find inner node CompressedPak for hierarchical cache Hierarchy.
[2022.07.14-02.35.09:389][  0]LogDerivedDataCache: Display: Pak cache opened for reading ../../../Engine/DerivedDataCache/Compressed.ddp.
[2022.07.14-02.35.09:389][  0]LogDerivedDataCache: FDerivedDataBackendGraph:  EnterprisePak pak cache file ../../../Enterprise/DerivedDataCache/Compressed.ddp not found, will not use a pak cache.
[2022.07.14-02.35.09:389][  0]LogDerivedDataCache: Unable to find inner node EnterprisePak for hierarchical cache Hierarchy.
[2022.07.14-02.35.09:397][  0]LogDerivedDataCache: Speed tests for C:/Users/kbc12006038/AppData/Local/UnrealEngine/Common/DerivedDataCache took 0.01 seconds
[2022.07.14-02.35.09:397][  0]LogDerivedDataCache: Display: Performance to C:/Users/kbc12006038/AppData/Local/UnrealEngine/Common/DerivedDataCache: Latency=0.03ms. RandomReadSpeed=976.05MBs, RandomWriteSpeed=136.90MBs. Assigned SpeedClass 'Local'
[2022.07.14-02.35.09:398][  0]LogDerivedDataCache: Using Local data cache path C:/Users/kbc12006038/AppData/Local/UnrealEngine/Common/DerivedDataCache: Writable
[2022.07.14-02.35.09:398][  0]LogDerivedDataCache: Shared data cache path not found in *engine.ini, will not use an Shared cache.
[2022.07.14-02.35.09:398][  0]LogDerivedDataCache: Unable to find inner node Shared for hierarchical cache Hierarchy.
[2022.07.14-02.35.09:441][  0]LogSlate: Using FreeType 2.10.0
[2022.07.14-02.35.09:441][  0]LogSlate: SlateFontServices - WITH_FREETYPE: 1, WITH_HARFBUZZ: 1
[2022.07.14-02.35.09:465][  0]LogAssetRegistry: FAssetRegistry took 0.0022 seconds to start up
[2022.07.14-02.35.09:671][  0]LogInit: Selected Device Profile: [Windows]
[2022.07.14-02.35.09:671][  0]LogInit: Active device profile: [00000143D0A76300][00000143CF049880 49] Windows
[2022.07.14-02.35.09:671][  0]LogInit: Profiles: [00000143D0A76300][00000143CF049880 49] Windows, [00000143D0A32900][00000143D1671A00 49] WindowsNoEditor, [00000143D0A74500][00000143D1675B80 49] WindowsServer, [00000143D0A31A00][00000143C852E180 49] WindowsClient, [00000143D0A76A00][00000143C8532300 49] IOS, [00000143D0A31500][00000143D1D60480 49] iPadAir, [00000143D0A76900][00000143D1D64600 49] iPadAir2, [00000143D099A300][00000143D16F0840 49] IPadPro, [00000143D099A400][00000143D1B9A880 49] iPadAir3, [00000143D0A75500][00000143D172C9C0 49] iPadAir4, [00000143D099A500][00000143D173CB00 49] iPadMini2, [00000143D0A76600][00000143D1744C80 49] iPadMini3, [00000143D0998600][00000143D1748E00 49] iPadMini4, [00000143D0A75E00][00000143D1FA2F80 49] iPadMini5, [00000143D0A11C00][00000143D1FAB240 49] iPhone6, [00000143D0A11D00][00000143D1FA7280 49] iPodTouch6, [00000143D0999F00][00000143D1773540 49] iPhone7, [00000143D099A000][00000143D176F580 49] iPodTouch7, [00000143D0A11F00][00000143D1777700 49] iPhone5S, [00000143D0999900][00000143D177B880 49] iPhone6Plus, [00000143D0A10300][00000143D177FA00 49] iPhone6S, [00000143D099B800][00000143C8469B80 49] iPhone6SPlus, [00000143D0A12900][00000143C84A2180 49] iPhone7Plus, [00000143D099B600][00000143C84A6300 49] iPhoneSE, [00000143D0A11400][00000143C84AA480 49] iPhone8, [00000143D099B300][00000143C84E8600 49] iPhone8Plus, [00000143D0A13400][00000143D1BB0780 49] iPhoneX, [00000143D099AB00][00000143D1BDE900 49] iPhoneXS, [00000143D0A10E00][00000143D1740A40 49] iPhoneXSMax, [00000143D099AE00][00000143D1BE2B80 49] iPhoneXR, [00000143D0A13A00][00000143D1BE6CC0 49] iPhone11, [00000143D0998500][00000143D1BF8E40 49] iPhone11Pro, [00000143D0A10B00][00000143D1BFCFC0 49] iPhone11ProMax, [00000143D0998E00][00000143D1665140 49] iPhoneSE2, [00000143D0A11300][00000143D1BDB2C0 49] iPhone12Mini, [00000143D0998A00][00000143C84AF440 49] iPhone12, [00000143D0A10100][00000143D16695C0 49] iPhone12Pro, [00000143D099A800][00000143D166D740 49] iPhone12ProMax, [00000143D0A10600][00000143D18278C0 49] iPadPro105, [00000143D099A600][00000143D1783A40 49] iPadPro129, [00000143D0A13100][00000143C8505BC0 49] iPadPro97, [00000143D0999800][00000143C85081C0 49] iPadPro2_129, [00000143D0A13F00][00000143C850C340 49] iPad5, [00000143D099B700][00000143C85104C0 49] iPad6, [00000143D0A10C00][00000143C8514640 49] iPad7, [00000143D0A33D00][00000143C85187C0 49] iPad8, [00000143D0ABCC00][00000143C851C940 49] iPadPro11, [00000143D0A32200][00000143C8520AC0 49] iPadPro2_11, [00000143D0ABCA00][00000143D1BF4C00 49] iPadPro3_129, [00000143D0A31B00][00000143CF018D40 49] iPadPro4_129, [00000143D0999600][00000143CF01CE80 49] AppleTV, [00000143D0A30300][00000143CF020FC0 49] AppleTV4K, [00000143D0998D00][00000143CF029140 49] TVOS, [00000143D0A30700][00000143CF02D2C0 49] Mac, [00000143D0A12800][00000143CF031440 49] MacClient, [00000143D0A30200][00000143CF0355C0 49] MacNoEditor, [00000143D0A11B00][00000143CF039740 49] MacServer, [00000143D0A33100][00000143CF03D8C0 49] Linux, [00000143D0A12C00][00000143D182BA40 49] LinuxAArch64, [00000143D0A32100][00000143D182FBC0 49] LinuxNoEditor, [00000143D0A11100][00000143D18321C0 49] LinuxAArch64NoEditor, [00000143D0A33800][00000143D1836340 49] LinuxClient, [00000143D0A12000][00000143D183A4C0 49] LinuxAArch64Client, [00000143D0A31C00][00000143D183E640 49] LinuxServer, [00000143D0A13300][00000143D18427C0 49] LinuxAArch64Server, [00000143D0A30E00][00000143D1846940 49] Android, [00000143D0A11A00][00000143D184AAC0 49] Android_Low, [00000143D0A31E00][00000143D184EC40 49] Android_Mid, [00000143D0A11500][00000143CF024D80 49] Android_High, [00000143D0A30600][00000143D1852EC0 49] Android_Default, [00000143D0A11600][00000143D1857000 49] Android_Adreno4xx, [00000143D0A32B00][00000143C846D140 49] Android_Adreno5xx_Low, [00000143D0A13900][00000143C84752C0 49] Android_Adreno5xx, [00000143D0A33200][00000143C8479440 49] Android_Adreno6xx, [00000143D0A12200][00000143C847D5C0 49] Android_Adreno6xx_Vulkan, [00000143D0A31100][00000143C8481740 49] Android_Mali_T6xx, [00000143D0A13000][00000143C84858C0 49] Android_Mali_T7xx, [00000143D0A33A00][00000143C8489A40 49] Android_Mali_T8xx, [00000143D0A12500][00000143C848DBC0 49] Android_Mali_G71, [00000143D0A30A00][00000143C84901C0 49] Android_Mali_G72, [00000143D0A10700][00000143C8494340 49] Android_Mali_G72_Vulkan, [00000143D0A32A00][00000143C84984C0 49] Android_Mali_G76, [00000143D0A11200][00000143C849C640 49] Android_Mali_G76_Vulkan, [00000143D0A32700][00000143C84B27C0 49] Android_Mali_G77, [00000143D0A12B00][00000143C84B6940 49] Android_Mali_G77_Vulkan, [00000143D0A30B00][00000143C84BAAC0 49] Android_Mali_G78, [00000143D0A10A00][00000143C84BEC40 49] Android_Mali_G78_Vulkan, [00000143D0A33F00][00000143C84C2DC0 49] Android_Mali_G710, [00000143D0A10200][00000143C84C6F40 49] Android_Mali_G710_Vulkan, [00000143D0A31400][00000143C8471080 49] Android_Vulkan_SM5, [00000143D0A12400][00000143C84CB1C0 49] Android_PowerVR_G6xxx, [00000143D0A33600][00000143C84CF300 49] Android_PowerVR_GT7xxx, [00000143D0A11000][00000143C84D7480 49] Android_PowerVR_GE8xxx, [00000143D0A31800][00000143C84DB600 49] Android_PowerVR_GM9xxx, [00000143D0A13600][00000143C84DF780 49] Android_PowerVR_GM9xxx_Vulkan, [00000143D0A32800][00000143C84E3900 49] Android_TegraK1, [00000143D0A10900][00000143D1D69A80 49] Android_Unknown_Vulkan, [00000143D0A33700][00000143D1D6DC00 49] Lumin, [00000143D0999C00][00000143D1D70200 49] Lumin_Desktop, [00000143D0A76D00][00000143D1D74380 49] HoloLens, 
[2022.07.14-02.35.09:793][  0]LogMeshReduction: Using QuadricMeshReduction for automatic static mesh reduction
[2022.07.14-02.35.09:793][  0]LogMeshReduction: Using SimplygonMeshReduction for automatic skeletal mesh reduction
[2022.07.14-02.35.09:793][  0]LogMeshReduction: Using ProxyLODMeshReduction for automatic mesh merging
[2022.07.14-02.35.09:793][  0]LogMeshReduction: No distributed automatic mesh merging module available
[2022.07.14-02.35.09:793][  0]LogMeshMerging: No distributed automatic mesh merging module available
[2022.07.14-02.35.09:806][  0]LogNetVersion: UnrealQuest3 1.0.0, NetCL: 17155196, EngineNetVer: 17, GameNetVer: 0 (Checksum: 2370289628)
[2022.07.14-02.35.11:511][  0]LogTexture: Default maximum texture size for cubemaps generated from long-lat sources has been changed from 512 to unlimited. In order to preserve old behaiour for '/Engine/MapTemplates/Sky/DaylightAmbientCubemap.DaylightAmbientCubemap', its maximum texture size has been explicitly set to 512.
[2022.07.14-02.35.11:563][  0]LogUObjectArray: 16787 objects as part of root set at end of initial load.
[2022.07.14-02.35.11:563][  0]LogUObjectAllocator: 4192688 out of 0 bytes used by permanent object pool.
[2022.07.14-02.35.11:563][  0]LogUObjectArray: CloseDisregardForGC: 0/0 objects in disregard for GC pool
[2022.07.14-02.35.11:783][  0]LogNiagaraDebuggerClient: Niagara Debugger Client Initialized | Session: 8F78EE39458B7444B98494A3942D8559 | Instance: DDFC5A1846B3CDCFA79B92B4A11A9D3B (KBC12006038-29304).
[2022.07.14-02.35.11:816][  0]LogTcpMessaging: Initializing TcpMessaging bridge
[2022.07.14-02.35.11:819][  0]LogUdpMessaging: Initializing bridge on interface 0.0.0.0:0 to multicast group 230.0.0.1:6666.
[2022.07.14-02.35.11:876][  0]LogPython: Using Python 3.7.7
[2022.07.14-02.35.12:436][  0]SourceControl: ソースコントロールは無効です
[2022.07.14-02.35.12:436][  0]SourceControl: ソースコントロールは無効です
[2022.07.14-02.35.12:438][  0]SourceControl: ソースコントロールは無効です
[2022.07.14-02.35.12:441][  0]SourceControl: ソースコントロールは無効です
[2022.07.14-02.35.12:465][  0]LogUProjectInfo: Found projects:
[2022.07.14-02.35.12:467][  0]SourceControl: ソースコントロールは無効です
[2022.07.14-02.35.12:578][  0]LogAndroidPermission: UAndroidPermissionCallbackProxy::GetInstance
[2022.07.14-02.35.12:597][  0]LogAudioCaptureCore: Display: No Audio Capture implementations found. Audio input will be silent.
[2022.07.14-02.35.12:597][  0]LogAudioCaptureCore: Display: No Audio Capture implementations found. Audio input will be silent.
[2022.07.14-02.35.12:680][  0]LogOpenImageDenoise: OIDN starting up
[2022.07.14-02.35.12:686][  0]LogCollectionManager: Loaded 0 collections in 0.000784 seconds
[2022.07.14-02.35.12:737][  0]LogFileCache: Scanning file cache for directory 'C:/Users/kbc12006038/Documents/Unreal/UnrealQuest3_UE4/UnrealQuest3_UE4/Saved/Collections/' took 0.00s
[2022.07.14-02.35.12:737][  0]LogFileCache: Scanning file cache for directory 'C:/Users/kbc12006038/Documents/Unreal/UnrealQuest3_UE4/UnrealQuest3_UE4/Content/Developers/kbc12006038/Collections/' took 0.00s
[2022.07.14-02.35.12:737][  0]LogFileCache: Scanning file cache for directory 'C:/Users/kbc12006038/Documents/Unreal/UnrealQuest3_UE4/UnrealQuest3_UE4/Content/Collections/' took 0.00s
[2022.07.14-02.35.12:737][  0]LogEngine: Initializing Engine...
[2022.07.14-02.35.12:738][  0]LogStats: UGameplayTagsManager::InitializeManager -  0.000 s
[2022.07.14-02.35.12:850][  0]LogInit: Initializing FReadOnlyCVARCache
[2022.07.14-02.35.12:859][  0]LogAIModule: Creating AISystem for world Untitled
[2022.07.14-02.35.12:867][  0]LogAudio: Display: Initializing Audio Device Manager...
[2022.07.14-02.35.12:870][  0]LogAudio: Display: Loading Default Audio Settings Objects...
[2022.07.14-02.35.12:871][  0]LogAudio: Display: No default SoundConcurrencyObject specified (or failed to load).
[2022.07.14-02.35.12:871][  0]LogAudio: Display: Audio Device Manager Initialized
[2022.07.14-02.35.12:871][  0]LogAudio: Display: Creating Audio Device:                 Id: 1, Scope: Shared, Realtime: True
[2022.07.14-02.35.12:871][  0]LogAudioMixer: Display: Audio Mixer Platform Settings:
[2022.07.14-02.35.12:871][  0]LogAudioMixer: Display: 	Sample Rate:						  48000
[2022.07.14-02.35.12:871][  0]LogAudioMixer: Display: 	Callback Buffer Frame Size Requested: 1024
[2022.07.14-02.35.12:871][  0]LogAudioMixer: Display: 	Callback Buffer Frame Size To Use:	  1024
[2022.07.14-02.35.12:871][  0]LogAudioMixer: Display: 	Number of buffers to queue:			  2
[2022.07.14-02.35.12:871][  0]LogAudioMixer: Display: 	Max Channels (voices):				  32
[2022.07.14-02.35.12:871][  0]LogAudioMixer: Display: 	Number of Async Source Workers:		  0
[2022.07.14-02.35.12:871][  0]LogAudio: Display: AudioDevice MaxSources: 32
[2022.07.14-02.35.12:872][  0]LogAudio: Display: Audio Spatialization Plugin: None (built-in).
[2022.07.14-02.35.12:872][  0]LogAudio: Display: Audio Reverb Plugin: None (built-in).
[2022.07.14-02.35.12:872][  0]LogAudio: Display: Audio Occlusion Plugin: None (built-in).
[2022.07.14-02.35.12:872][  0]LogAudioMixer: Display: Initializing audio mixer.
[2022.07.14-02.35.12:931][  0]LogAudioMixer: Display: 0: FrontLeft
[2022.07.14-02.35.12:931][  0]LogAudioMixer: Display: 1: FrontRight
[2022.07.14-02.35.13:056][  0]LogAudioMixer: Display: Using Audio Device スピーカー (Realtek(R) Audio)
[2022.07.14-02.35.13:059][  0]LogAudioMixer: Display: Initializing Sound Submixes...
[2022.07.14-02.35.13:060][  0]LogAudioMixer: Display: Creating Master Submix 'MasterSubmixDefault'
[2022.07.14-02.35.13:060][  0]LogAudioMixer: Display: Creating Master Submix 'MasterReverbSubmixDefault'
[2022.07.14-02.35.13:061][  0]LogAudioMixer: Display: Creating Master Submix 'MasterEQSubmixDefault'
[2022.07.14-02.35.13:061][  0]LogAudioMixer: FMixerPlatformXAudio2::StartAudioStream() called
[2022.07.14-02.35.13:061][  0]LogAudioMixer: Display: Output buffers initialized: Frames=1024, Channels=2, Samples=2048
[2022.07.14-02.35.13:062][  0]LogAudioMixer: Display: Starting AudioMixerPlatformInterface::RunInternal()
[2022.07.14-02.35.13:062][  0]LogAudioMixer: Display: FMixerPlatformXAudio2::SubmitBuffer() called for the first time
[2022.07.14-02.35.13:062][  0]LogInit: FAudioDevice initialized.
[2022.07.14-02.35.13:062][  0]LogAudio: Display: Audio Device (ID: 1) registered with world 'Untitled'.
[2022.07.14-02.35.13:062][  0]LogNetVersion: Set ProjectVersion to 1.0.0.0. Version Checksum will be recalculated on next use.
[2022.07.14-02.35.13:098][  0]LogDerivedDataCache: Saved boot cache 0.04s 79MB C:/Users/kbc12006038/AppData/Local/UnrealEngine/4.27/DerivedDataCache/Boot.ddc.
[2022.07.14-02.35.13:099][  0]LogInit: Texture streaming: Enabled
[2022.07.14-02.35.13:107][  0]LogAnalytics: Display: [UEEditor.Rocket.Release] APIServer = https://datarouter.ol.epicgames.com/. AppVersion = 4.27.2-18319896+++UE4+Release-4.27
[2022.07.14-02.35.13:112][  0]LogEngineSessionManager: EngineSessionManager initialized
[2022.07.14-02.35.13:112][  0]LogEditorSessionSummary: Verbose: Initializing EditorSessionSummaryWriter for editor session tracking
[2022.07.14-02.35.13:113][  0]LogEditorSessionSummary: EditorSessionSummaryWriter initialized
[2022.07.14-02.35.13:140][  0]LogInit: Transaction tracking system initialized
[2022.07.14-02.35.13:156][  0]BlueprintLog: New page: エディタの読み込み
[2022.07.14-02.35.13:288][  0]LocalizationService: ローカライズのサービスが無効になりました
[2022.07.14-02.35.13:307][  0]TimingProfiler: Initialize
[2022.07.14-02.35.13:307][  0]TimingProfiler: OnSessionChanged
[2022.07.14-02.35.13:307][  0]LoadingProfiler: Initialize
[2022.07.14-02.35.13:307][  0]LoadingProfiler: OnSessionChanged
[2022.07.14-02.35.13:307][  0]NetworkingProfiler: Initialize
[2022.07.14-02.35.13:307][  0]NetworkingProfiler: OnSessionChanged
[2022.07.14-02.35.13:307][  0]MemoryProfiler: Initialize
[2022.07.14-02.35.13:307][  0]MemoryProfiler: OnSessionChanged
[2022.07.14-02.35.13:374][  0]LogWindowsTextInputMethodSystem: Display: IME system activated using TSF (Microsoft IME).
[2022.07.14-02.35.13:432][  0]LogSlate: Took 0.000235 seconds to synchronously load lazily loaded font '../../../Engine/Content/Editor/Slate/Fonts/GenEiGothicPro-Regular.otf' (707K)
[2022.07.14-02.35.13:433][  0]LogSlate: Took 0.000109 seconds to synchronously load lazily loaded font '../../../Engine/Content/Slate/Fonts/Roboto-Regular.ttf' (155K)
[2022.07.14-02.35.20:807][  0]LogSlate: Window 'ドライブ容量不足の警告' being destroyed
[2022.07.14-02.35.20:808][  0]LogWindowsTextInputMethodSystem: Display: IME system activated using TSF (Microsoft IME).
[2022.07.14-02.35.20:814][  0]Message dialog closed, result: Ok, title: ドライブ容量不足の警告, text: 次のドライブの場所の空き容量が十分ではありません。
ファイルの書き込みや保存ができないことによるクラッシュ、データ損失などの問題を回避するために、一部のスペースを解放することをお勧めします。

空き容量2,331MB		 C:/Users/kbc12006038/Documents/Unreal/UnrealQuest3_UE4/UnrealQuest3_UE4/
 				 プロジェクトのディレクトリ。 

[2022.07.14-02.35.20:885][  0]LogCook: Display: CookSettings for Memory: MemoryMaxUsedVirtual 0MiB, MemoryMaxUsedPhysical 16384MiB, MemoryMinFreeVirtual 0MiB, MemoryMinFreePhysical 1024MiB
[2022.07.14-02.35.20:885][  0]LogCook: Display: Mobile HDR setting 1
[2022.07.14-02.35.21:165][  0]LogFileCache: Scanning file cache for directory 'C:/Users/kbc12006038/Documents/Unreal/UnrealQuest3_UE4/UnrealQuest3_UE4/Content/' took 0.00s
[2022.07.14-02.35.21:166][  0]LogInit: Display: Engine is initialized. Leaving FEngineLoop::Init()
[2022.07.14-02.35.21:170][  0]SourceControl: ソースコントロールは無効です
[2022.07.14-02.35.21:170][  0]LogUnrealEdMisc: Loading editor; pre map load, took 14.810
[2022.07.14-02.35.21:170][  0]Cmd: MAP LOAD FILE="C:/Users/kbc12006038/Documents/Unreal/UnrealQuest3_UE4/UnrealQuest3_UE4/Content/UnrealQuest3/Maps/SideScrollerExampleMap.umap" TEMPLATE=0 SHOWPROGRESS=1 FEATURELEVEL=3
[2022.07.14-02.35.21:170][  0]LightingResults: New page: ライティングのビルド
[2022.07.14-02.35.21:172][  0]LogWorld: UWorld::CleanupWorld for Untitled, bSessionEnded=true, bCleanupResources=true
[2022.07.14-02.35.21:172][  0]LogSlate: InvalidateAllWidgets triggered.  All widgets were invalidated
[2022.07.14-02.35.21:172][  0]MapCheck: New page: マップをチェック
[2022.07.14-02.35.21:172][  0]LightingResults: New page: <何も選択されていません>
[2022.07.14-02.35.21:178][  0]LogAudio: Display: Audio Device unregistered from world 'None'.
[2022.07.14-02.35.21:182][  0]LogUObjectHash: Compacting FUObjectHashTables data took   0.90ms
[2022.07.14-02.35.21:418][  0]LogAudio: Display: Audio Device (ID: 1) registered with world 'SideScrollerExampleMap'.
[2022.07.14-02.35.21:419][  0]LogAIModule: Creating AISystem for world SideScrollerExampleMap
[2022.07.14-02.35.21:429][  0]LogEditorServer: Finished looking for orphan Actors (0.000 secs)
[2022.07.14-02.35.21:435][  0]LogUObjectHash: Compacting FUObjectHashTables data took   0.72ms
[2022.07.14-02.35.21:436][  0]Cmd: MAP CHECKDEP NOCLEARLOG
[2022.07.14-02.35.21:437][  0]MapCheck: マップチェックが完了: 0 エラー、 0 警告、完了に 0.144ミリ秒かかりました。
[2022.07.14-02.35.21:437][  0]LogFileHelpers: Loading map 'SideScrollerExampleMap' took 0.267
[2022.07.14-02.35.21:438][  0]LogUnrealEdMisc: Total Editor Startup Time, took 15.079
[2022.07.14-02.35.21:501][  0]LogWindowsTextInputMethodSystem: Display: IME system activated using TSF (Microsoft IME).
[2022.07.14-02.35.21:554][  0]LogSlate: Updating window title bar state: overlay mode, drag disabled, window buttons hidden, title bar hidden
[2022.07.14-02.35.21:559][  0]LogSlate: Updating window title bar state: overlay mode, drag disabled, window buttons hidden, title bar hidden
[2022.07.14-02.35.21:565][  0]LogSlate: Updating window title bar state: overlay mode, drag disabled, window buttons hidden, title bar hidden
[2022.07.14-02.35.21:570][  0]LogSlate: Updating window title bar state: overlay mode, drag disabled, window buttons hidden, title bar hidden
[2022.07.14-02.35.21:581][  0]LogNativeClassHierarchy: Verbose: Native class hierarchy populated in 0.0077 seconds. Added 3678 classes and 832 folders.
[2022.07.14-02.35.21:584][  0]LogNativeClassHierarchy: Verbose: Native class hierarchy updated for 'WidgetCarousel' in 0.0003 seconds. Added 0 classes and 0 folders.
[2022.07.14-02.35.21:585][  0]LogPakFile: PakFile PrimaryIndexSize=187
[2022.07.14-02.35.21:585][  0]LogPakFile: PakFile PathHashIndexSize=101
[2022.07.14-02.35.21:585][  0]LogPakFile: PakFile FullDirectoryIndexSize=148
[2022.07.14-02.35.21:585][  0]LogShaderLibrary: Display: ShaderCodeLibraryPakFileMountedCallback: PakFile 'D:/新しいフォルダー/Epic Games/DirectXRedist/UE_4.27/FeaturePacks/FP_FirstPerson.upack' (chunk index -1, root 'root:/') mounted
[2022.07.14-02.35.21:585][  0]LogShaderLibrary: Display: ShaderCodeLibraryPakFileMountedCallback: pending pak file info (ChunkID:-1 Root:root:/ File:D:/新しいフォルダー/Epic Games/DirectXRedist/UE_4.27/FeaturePacks/FP_FirstPerson.upack)
[2022.07.14-02.35.21:585][  0]LogPakFile: OnPakFileMounted2Time == 0.000054
[2022.07.14-02.35.21:586][  0]LogPakFile: PakFile PrimaryIndexSize=189
[2022.07.14-02.35.21:586][  0]LogPakFile: PakFile PathHashIndexSize=101
[2022.07.14-02.35.21:586][  0]LogPakFile: PakFile FullDirectoryIndexSize=152
[2022.07.14-02.35.21:586][  0]LogShaderLibrary: Display: ShaderCodeLibraryPakFileMountedCallback: PakFile 'D:/新しいフォルダー/Epic Games/DirectXRedist/UE_4.27/FeaturePacks/FP_FirstPersonBP.upack' (chunk index -1, root 'root:/') mounted
[2022.07.14-02.35.21:586][  0]LogShaderLibrary: Display: ShaderCodeLibraryPakFileMountedCallback: pending pak file info (ChunkID:-1 Root:root:/ File:D:/新しいフォルダー/Epic Games/DirectXRedist/UE_4.27/FeaturePacks/FP_FirstPersonBP.upack)
[2022.07.14-02.35.21:586][  0]LogPakFile: OnPakFileMounted2Time == 0.000037
[2022.07.14-02.35.21:586][  0]LogPakFile: PakFile PrimaryIndexSize=191
[2022.07.14-02.35.21:586][  0]LogPakFile: PakFile PathHashIndexSize=101
[2022.07.14-02.35.21:586][  0]LogPakFile: PakFile FullDirectoryIndexSize=160
[2022.07.14-02.35.21:586][  0]LogShaderLibrary: Display: ShaderCodeLibraryPakFileMountedCallback: PakFile 'D:/新しいフォルダー/Epic Games/DirectXRedist/UE_4.27/FeaturePacks/MobileStarterContent.upack' (chunk index -1, root 'root:/') mounted
[2022.07.14-02.35.21:586][  0]LogShaderLibrary: Display: ShaderCodeLibraryPakFileMountedCallback: pending pak file info (ChunkID:-1 Root:root:/ File:D:/新しいフォルダー/Epic Games/DirectXRedist/UE_4.27/FeaturePacks/MobileStarterContent.upack)
[2022.07.14-02.35.21:586][  0]LogPakFile: OnPakFileMounted2Time == 0.000033
[2022.07.14-02.35.21:587][  0]LogPakFile: PakFile PrimaryIndexSize=185
[2022.07.14-02.35.21:587][  0]LogPakFile: PakFile PathHashIndexSize=101
[2022.07.14-02.35.21:587][  0]LogPakFile: PakFile FullDirectoryIndexSize=148
[2022.07.14-02.35.21:587][  0]LogShaderLibrary: Display: ShaderCodeLibraryPakFileMountedCallback: PakFile 'D:/新しいフォルダー/Epic Games/DirectXRedist/UE_4.27/FeaturePacks/StarterContent.upack' (chunk index -1, root 'root:/') mounted
[2022.07.14-02.35.21:587][  0]LogShaderLibrary: Display: ShaderCodeLibraryPakFileMountedCallback: pending pak file info (ChunkID:-1 Root:root:/ File:D:/新しいフォルダー/Epic Games/DirectXRedist/UE_4.27/FeaturePacks/StarterContent.upack)
[2022.07.14-02.35.21:587][  0]LogPakFile: OnPakFileMounted2Time == 0.000035
[2022.07.14-02.35.21:587][  0]LogPakFile: PakFile PrimaryIndexSize=190
[2022.07.14-02.35.21:587][  0]LogPakFile: PakFile PathHashIndexSize=101
[2022.07.14-02.35.21:587][  0]LogPakFile: PakFile FullDirectoryIndexSize=154
[2022.07.14-02.35.21:587][  0]LogShaderLibrary: Display: ShaderCodeLibraryPakFileMountedCallback: PakFile 'D:/新しいフォルダー/Epic Games/DirectXRedist/UE_4.27/FeaturePacks/TP_2DSideScroller.upack' (chunk index -1, root 'root:/') mounted
[2022.07.14-02.35.21:587][  0]LogShaderLibrary: Display: ShaderCodeLibraryPakFileMountedCallback: pending pak file info (ChunkID:-1 Root:root:/ File:D:/新しいフォルダー/Epic Games/DirectXRedist/UE_4.27/FeaturePacks/TP_2DSideScroller.upack)
[2022.07.14-02.35.21:587][  0]LogPakFile: OnPakFileMounted2Time == 0.000033
[2022.07.14-02.35.21:588][  0]LogPakFile: PakFile PrimaryIndexSize=192
[2022.07.14-02.35.21:588][  0]LogPakFile: PakFile PathHashIndexSize=101
[2022.07.14-02.35.21:588][  0]LogPakFile: PakFile FullDirectoryIndexSize=158
[2022.07.14-02.35.21:588][  0]LogShaderLibrary: Display: ShaderCodeLibraryPakFileMountedCallback: PakFile 'D:/新しいフォルダー/Epic Games/DirectXRedist/UE_4.27/FeaturePacks/TP_2DSideScrollerBP.upack' (chunk index -1, root 'root:/') mounted
[2022.07.14-02.35.21:588][  0]LogShaderLibrary: Display: ShaderCodeLibraryPakFileMountedCallback: pending pak file info (ChunkID:-1 Root:root:/ File:D:/新しいフォルダー/Epic Games/DirectXRedist/UE_4.27/FeaturePacks/TP_2DSideScrollerBP.upack)
[2022.07.14-02.35.21:588][  0]LogPakFile: OnPakFileMounted2Time == 0.000033
[2022.07.14-02.35.21:588][  0]LogPakFile: PakFile PrimaryIndexSize=182
[2022.07.14-02.35.21:588][  0]LogPakFile: PakFile PathHashIndexSize=101
[2022.07.14-02.35.21:588][  0]LogPakFile: PakFile FullDirectoryIndexSize=138
[2022.07.14-02.35.21:588][  0]LogShaderLibrary: Display: ShaderCodeLibraryPakFileMountedCallback: PakFile 'D:/新しいフォルダー/Epic Games/DirectXRedist/UE_4.27/FeaturePacks/TP_Flying.upack' (chunk index -1, root 'root:/') mounted
[2022.07.14-02.35.21:588][  0]LogShaderLibrary: Display: ShaderCodeLibraryPakFileMountedCallback: pending pak file info (ChunkID:-1 Root:root:/ File:D:/新しいフォルダー/Epic Games/DirectXRedist/UE_4.27/FeaturePacks/TP_Flying.upack)
[2022.07.14-02.35.21:588][  0]LogPakFile: OnPakFileMounted2Time == 0.000033
[2022.07.14-02.35.21:589][  0]LogPakFile: PakFile PrimaryIndexSize=184
[2022.07.14-02.35.21:589][  0]LogPakFile: PakFile PathHashIndexSize=101
[2022.07.14-02.35.21:589][  0]LogPakFile: PakFile FullDirectoryIndexSize=142
[2022.07.14-02.35.21:589][  0]LogShaderLibrary: Display: ShaderCodeLibraryPakFileMountedCallback: PakFile 'D:/新しいフォルダー/Epic Games/DirectXRedist/UE_4.27/FeaturePacks/TP_FlyingBP.upack' (chunk index -1, root 'root:/') mounted
[2022.07.14-02.35.21:589][  0]LogShaderLibrary: Display: ShaderCodeLibraryPakFileMountedCallback: pending pak file info (ChunkID:-1 Root:root:/ File:D:/新しいフォルダー/Epic Games/DirectXRedist/UE_4.27/FeaturePacks/TP_FlyingBP.upack)
[2022.07.14-02.35.21:589][  0]LogPakFile: OnPakFileMounted2Time == 0.000033
[2022.07.14-02.35.21:589][  0]LogPakFile: PakFile PrimaryIndexSize=188
[2022.07.14-02.35.21:589][  0]LogPakFile: PakFile PathHashIndexSize=101
[2022.07.14-02.35.21:589][  0]LogPakFile: PakFile FullDirectoryIndexSize=150
[2022.07.14-02.35.21:589][  0]LogShaderLibrary: Display: ShaderCodeLibraryPakFileMountedCallback: PakFile 'D:/新しいフォルダー/Epic Games/DirectXRedist/UE_4.27/FeaturePacks/TP_HandheldARBP.upack' (chunk index -1, root 'root:/') mounted
[2022.07.14-02.35.21:589][  0]LogShaderLibrary: Display: ShaderCodeLibraryPakFileMountedCallback: pending pak file info (ChunkID:-1 Root:root:/ File:D:/新しいフォルダー/Epic Games/DirectXRedist/UE_4.27/FeaturePacks/TP_HandheldARBP.upack)
[2022.07.14-02.35.21:589][  0]LogPakFile: OnPakFileMounted2Time == 0.000032
[2022.07.14-02.35.21:590][  0]LogPakFile: PakFile PrimaryIndexSize=182
[2022.07.14-02.35.21:590][  0]LogPakFile: PakFile PathHashIndexSize=101
[2022.07.14-02.35.21:590][  0]LogPakFile: PakFile FullDirectoryIndexSize=138
[2022.07.14-02.35.21:590][  0]LogShaderLibrary: Display: ShaderCodeLibraryPakFileMountedCallback: PakFile 'D:/新しいフォルダー/Epic Games/DirectXRedist/UE_4.27/FeaturePacks/TP_Puzzle.upack' (chunk index -1, root 'root:/') mounted
[2022.07.14-02.35.21:590][  0]LogShaderLibrary: Display: ShaderCodeLibraryPakFileMountedCallback: pending pak file info (ChunkID:-1 Root:root:/ File:D:/新しいフォルダー/Epic Games/DirectXRedist/UE_4.27/FeaturePacks/TP_Puzzle.upack)
[2022.07.14-02.35.21:590][  0]LogPakFile: OnPakFileMounted2Time == 0.000033
[2022.07.14-02.35.21:590][  0]LogPakFile: PakFile PrimaryIndexSize=184
[2022.07.14-02.35.21:590][  0]LogPakFile: PakFile PathHashIndexSize=101
[2022.07.14-02.35.21:590][  0]LogPakFile: PakFile FullDirectoryIndexSize=142
[2022.07.14-02.35.21:590][  0]LogShaderLibrary: Display: ShaderCodeLibraryPakFileMountedCallback: PakFile 'D:/新しいフォルダー/Epic Games/DirectXRedist/UE_4.27/FeaturePacks/TP_PuzzleBP.upack' (chunk index -1, root 'root:/') mounted
[2022.07.14-02.35.21:590][  0]LogShaderLibrary: Display: ShaderCodeLibraryPakFileMountedCallback: pending pak file info (ChunkID:-1 Root:root:/ File:D:/新しいフォルダー/Epic Games/DirectXRedist/UE_4.27/FeaturePacks/TP_PuzzleBP.upack)
[2022.07.14-02.35.21:590][  0]LogPakFile: OnPakFileMounted2Time == 0.000032
[2022.07.14-02.35.21:591][  0]LogPakFile: PakFile PrimaryIndexSize=183
[2022.07.14-02.35.21:591][  0]LogPakFile: PakFile PathHashIndexSize=101
[2022.07.14-02.35.21:591][  0]LogPakFile: PakFile FullDirectoryIndexSize=140
[2022.07.14-02.35.21:591][  0]LogShaderLibrary: Display: ShaderCodeLibraryPakFileMountedCallback: PakFile 'D:/新しいフォルダー/Epic Games/DirectXRedist/UE_4.27/FeaturePacks/TP_Rolling.upack' (chunk index -1, root 'root:/') mounted
[2022.07.14-02.35.21:591][  0]LogShaderLibrary: Display: ShaderCodeLibraryPakFileMountedCallback: pending pak file info (ChunkID:-1 Root:root:/ File:D:/新しいフォルダー/Epic Games/DirectXRedist/UE_4.27/FeaturePacks/TP_Rolling.upack)
[2022.07.14-02.35.21:591][  0]LogPakFile: OnPakFileMounted2Time == 0.000032
[2022.07.14-02.35.21:591][  0]LogPakFile: PakFile PrimaryIndexSize=185
[2022.07.14-02.35.21:591][  0]LogPakFile: PakFile PathHashIndexSize=101
[2022.07.14-02.35.21:591][  0]LogPakFile: PakFile FullDirectoryIndexSize=144
[2022.07.14-02.35.21:591][  0]LogShaderLibrary: Display: ShaderCodeLibraryPakFileMountedCallback: PakFile 'D:/新しいフォルダー/Epic Games/DirectXRedist/UE_4.27/FeaturePacks/TP_RollingBP.upack' (chunk index -1, root 'root:/') mounted
[2022.07.14-02.35.21:591][  0]LogShaderLibrary: Display: ShaderCodeLibraryPakFileMountedCallback: pending pak file info (ChunkID:-1 Root:root:/ File:D:/新しいフォルダー/Epic Games/DirectXRedist/UE_4.27/FeaturePacks/TP_RollingBP.upack)
[2022.07.14-02.35.21:591][  0]LogPakFile: OnPakFileMounted2Time == 0.000033
[2022.07.14-02.35.21:592][  0]LogPakFile: PakFile PrimaryIndexSize=188
[2022.07.14-02.35.21:592][  0]LogPakFile: PakFile PathHashIndexSize=101
[2022.07.14-02.35.21:592][  0]LogPakFile: PakFile FullDirectoryIndexSize=150
[2022.07.14-02.35.21:592][  0]LogShaderLibrary: Display: ShaderCodeLibraryPakFileMountedCallback: PakFile 'D:/新しいフォルダー/Epic Games/DirectXRedist/UE_4.27/FeaturePacks/TP_SideScroller.upack' (chunk index -1, root 'root:/') mounted
[2022.07.14-02.35.21:592][  0]LogShaderLibrary: Display: ShaderCodeLibraryPakFileMountedCallback: pending pak file info (ChunkID:-1 Root:root:/ File:D:/新しいフォルダー/Epic Games/DirectXRedist/UE_4.27/FeaturePacks/TP_SideScroller.upack)
[2022.07.14-02.35.21:592][  0]LogPakFile: OnPakFileMounted2Time == 0.000033
[2022.07.14-02.35.21:592][  0]LogPakFile: PakFile PrimaryIndexSize=190
[2022.07.14-02.35.21:592][  0]LogPakFile: PakFile PathHashIndexSize=101
[2022.07.14-02.35.21:592][  0]LogPakFile: PakFile FullDirectoryIndexSize=154
[2022.07.14-02.35.21:592][  0]LogShaderLibrary: Display: ShaderCodeLibraryPakFileMountedCallback: PakFile 'D:/新しいフォルダー/Epic Games/DirectXRedist/UE_4.27/FeaturePacks/TP_SideScrollerBP.upack' (chunk index -1, root 'root:/') mounted
[2022.07.14-02.35.21:592][  0]LogShaderLibrary: Display: ShaderCodeLibraryPakFileMountedCallback: pending pak file info (ChunkID:-1 Root:root:/ File:D:/新しいフォルダー/Epic Games/DirectXRedist/UE_4.27/FeaturePacks/TP_SideScrollerBP.upack)
[2022.07.14-02.35.21:592][  0]LogPakFile: OnPakFileMounted2Time == 0.000032
[2022.07.14-02.35.21:593][  0]LogPakFile: PakFile PrimaryIndexSize=187
[2022.07.14-02.35.21:593][  0]LogPakFile: PakFile PathHashIndexSize=101
[2022.07.14-02.35.21:593][  0]LogPakFile: PakFile FullDirectoryIndexSize=148
[2022.07.14-02.35.21:593][  0]LogShaderLibrary: Display: ShaderCodeLibraryPakFileMountedCallback: PakFile 'D:/新しいフォルダー/Epic Games/DirectXRedist/UE_4.27/FeaturePacks/TP_ThirdPerson.upack' (chunk index -1, root 'root:/') mounted
[2022.07.14-02.35.21:593][  0]LogShaderLibrary: Display: ShaderCodeLibraryPakFileMountedCallback: pending pak file info (ChunkID:-1 Root:root:/ File:D:/新しいフォルダー/Epic Games/DirectXRedist/UE_4.27/FeaturePacks/TP_ThirdPerson.upack)
[2022.07.14-02.35.21:593][  0]LogPakFile: OnPakFileMounted2Time == 0.000033
[2022.07.14-02.35.21:593][  0]LogPakFile: PakFile PrimaryIndexSize=189
[2022.07.14-02.35.21:593][  0]LogPakFile: PakFile PathHashIndexSize=101
[2022.07.14-02.35.21:593][  0]LogPakFile: PakFile FullDirectoryIndexSize=152
[2022.07.14-02.35.21:593][  0]LogShaderLibrary: Display: ShaderCodeLibraryPakFileMountedCallback: PakFile 'D:/新しいフォルダー/Epic Games/DirectXRedist/UE_4.27/FeaturePacks/TP_ThirdPersonBP.upack' (chunk index -1, root 'root:/') mounted
[2022.07.14-02.35.21:593][  0]LogShaderLibrary: Display: ShaderCodeLibraryPakFileMountedCallback: pending pak file info (ChunkID:-1 Root:root:/ File:D:/新しいフォルダー/Epic Games/DirectXRedist/UE_4.27/FeaturePacks/TP_ThirdPersonBP.upack)
[2022.07.14-02.35.21:593][  0]LogPakFile: OnPakFileMounted2Time == 0.000032
[2022.07.14-02.35.21:594][  0]LogPakFile: PakFile PrimaryIndexSize=183
[2022.07.14-02.35.21:594][  0]LogPakFile: PakFile PathHashIndexSize=101
[2022.07.14-02.35.21:594][  0]LogPakFile: PakFile FullDirectoryIndexSize=140
[2022.07.14-02.35.21:594][  0]LogShaderLibrary: Display: ShaderCodeLibraryPakFileMountedCallback: PakFile 'D:/新しいフォルダー/Epic Games/DirectXRedist/UE_4.27/FeaturePacks/TP_TopDown.upack' (chunk index -1, root 'root:/') mounted
[2022.07.14-02.35.21:594][  0]LogShaderLibrary: Display: ShaderCodeLibraryPakFileMountedCallback: pending pak file info (ChunkID:-1 Root:root:/ File:D:/新しいフォルダー/Epic Games/DirectXRedist/UE_4.27/FeaturePacks/TP_TopDown.upack)
[2022.07.14-02.35.21:594][  0]LogPakFile: OnPakFileMounted2Time == 0.000045
[2022.07.14-02.35.21:594][  0]LogPakFile: PakFile PrimaryIndexSize=185
[2022.07.14-02.35.21:594][  0]LogPakFile: PakFile PathHashIndexSize=101
[2022.07.14-02.35.21:594][  0]LogPakFile: PakFile FullDirectoryIndexSize=144
[2022.07.14-02.35.21:594][  0]LogShaderLibrary: Display: ShaderCodeLibraryPakFileMountedCallback: PakFile 'D:/新しいフォルダー/Epic Games/DirectXRedist/UE_4.27/FeaturePacks/TP_TopDownBP.upack' (chunk index -1, root 'root:/') mounted
[2022.07.14-02.35.21:594][  0]LogShaderLibrary: Display: ShaderCodeLibraryPakFileMountedCallback: pending pak file info (ChunkID:-1 Root:root:/ File:D:/新しいフォルダー/Epic Games/DirectXRedist/UE_4.27/FeaturePacks/TP_TopDownBP.upack)
[2022.07.14-02.35.21:594][  0]LogPakFile: OnPakFileMounted2Time == 0.000032
[2022.07.14-02.35.21:595][  0]LogPakFile: PakFile PrimaryIndexSize=185
[2022.07.14-02.35.21:595][  0]LogPakFile: PakFile PathHashIndexSize=101
[2022.07.14-02.35.21:595][  0]LogPakFile: PakFile FullDirectoryIndexSize=144
[2022.07.14-02.35.21:595][  0]LogShaderLibrary: Display: ShaderCodeLibraryPakFileMountedCallback: PakFile 'D:/新しいフォルダー/Epic Games/DirectXRedist/UE_4.27/FeaturePacks/TP_TwinStick.upack' (chunk index -1, root 'root:/') mounted
[2022.07.14-02.35.21:595][  0]LogShaderLibrary: Display: ShaderCodeLibraryPakFileMountedCallback: pending pak file info (ChunkID:-1 Root:root:/ File:D:/新しいフォルダー/Epic Games/DirectXRedist/UE_4.27/FeaturePacks/TP_TwinStick.upack)
[2022.07.14-02.35.21:595][  0]LogPakFile: OnPakFileMounted2Time == 0.000035
[2022.07.14-02.35.21:595][  0]LogPakFile: PakFile PrimaryIndexSize=187
[2022.07.14-02.35.21:595][  0]LogPakFile: PakFile PathHashIndexSize=101
[2022.07.14-02.35.21:595][  0]LogPakFile: PakFile FullDirectoryIndexSize=148
[2022.07.14-02.35.21:595][  0]LogShaderLibrary: Display: ShaderCodeLibraryPakFileMountedCallback: PakFile 'D:/新しいフォルダー/Epic Games/DirectXRedist/UE_4.27/FeaturePacks/TP_TwinStickBP.upack' (chunk index -1, root 'root:/') mounted
[2022.07.14-02.35.21:595][  0]LogShaderLibrary: Display: ShaderCodeLibraryPakFileMountedCallback: pending pak file info (ChunkID:-1 Root:root:/ File:D:/新しいフォルダー/Epic Games/DirectXRedist/UE_4.27/FeaturePacks/TP_TwinStickBP.upack)
[2022.07.14-02.35.21:595][  0]LogPakFile: OnPakFileMounted2Time == 0.000033
[2022.07.14-02.35.21:596][  0]LogPakFile: PakFile PrimaryIndexSize=183
[2022.07.14-02.35.21:596][  0]LogPakFile: PakFile PathHashIndexSize=101
[2022.07.14-02.35.21:596][  0]LogPakFile: PakFile FullDirectoryIndexSize=140
[2022.07.14-02.35.21:596][  0]LogShaderLibrary: Display: ShaderCodeLibraryPakFileMountedCallback: PakFile 'D:/新しいフォルダー/Epic Games/DirectXRedist/UE_4.27/FeaturePacks/TP_Vehicle.upack' (chunk index -1, root 'root:/') mounted
[2022.07.14-02.35.21:596][  0]LogShaderLibrary: Display: ShaderCodeLibraryPakFileMountedCallback: pending pak file info (ChunkID:-1 Root:root:/ File:D:/新しいフォルダー/Epic Games/DirectXRedist/UE_4.27/FeaturePacks/TP_Vehicle.upack)
[2022.07.14-02.35.21:596][  0]LogPakFile: OnPakFileMounted2Time == 0.000032
[2022.07.14-02.35.21:596][  0]LogPakFile: PakFile PrimaryIndexSize=186
[2022.07.14-02.35.21:596][  0]LogPakFile: PakFile PathHashIndexSize=101
[2022.07.14-02.35.21:596][  0]LogPakFile: PakFile FullDirectoryIndexSize=146
[2022.07.14-02.35.21:596][  0]LogShaderLibrary: Display: ShaderCodeLibraryPakFileMountedCallback: PakFile 'D:/新しいフォルダー/Epic Games/DirectXRedist/UE_4.27/FeaturePacks/TP_VehicleAdv.upack' (chunk index -1, root 'root:/') mounted
[2022.07.14-02.35.21:596][  0]LogShaderLibrary: Display: ShaderCodeLibraryPakFileMountedCallback: pending pak file info (ChunkID:-1 Root:root:/ File:D:/新しいフォルダー/Epic Games/DirectXRedist/UE_4.27/FeaturePacks/TP_VehicleAdv.upack)
[2022.07.14-02.35.21:596][  0]LogPakFile: OnPakFileMounted2Time == 0.000033
[2022.07.14-02.35.21:597][  0]LogPakFile: PakFile PrimaryIndexSize=188
[2022.07.14-02.35.21:597][  0]LogPakFile: PakFile PathHashIndexSize=101
[2022.07.14-02.35.21:597][  0]LogPakFile: PakFile FullDirectoryIndexSize=150
[2022.07.14-02.35.21:597][  0]LogShaderLibrary: Display: ShaderCodeLibraryPakFileMountedCallback: PakFile 'D:/新しいフォルダー/Epic Games/DirectXRedist/UE_4.27/FeaturePacks/TP_VehicleAdvBP.upack' (chunk index -1, root 'root:/') mounted
[2022.07.14-02.35.21:597][  0]LogShaderLibrary: Display: ShaderCodeLibraryPakFileMountedCallback: pending pak file info (ChunkID:-1 Root:root:/ File:D:/新しいフォルダー/Epic Games/DirectXRedist/UE_4.27/FeaturePacks/TP_VehicleAdvBP.upack)
[2022.07.14-02.35.21:597][  0]LogPakFile: OnPakFileMounted2Time == 0.000033
[2022.07.14-02.35.21:597][  0]LogPakFile: PakFile PrimaryIndexSize=185
[2022.07.14-02.35.21:597][  0]LogPakFile: PakFile PathHashIndexSize=101
[2022.07.14-02.35.21:597][  0]LogPakFile: PakFile FullDirectoryIndexSize=144
[2022.07.14-02.35.21:597][  0]LogShaderLibrary: Display: ShaderCodeLibraryPakFileMountedCallback: PakFile 'D:/新しいフォルダー/Epic Games/DirectXRedist/UE_4.27/FeaturePacks/TP_VehicleBP.upack' (chunk index -1, root 'root:/') mounted
[2022.07.14-02.35.21:597][  0]LogShaderLibrary: Display: ShaderCodeLibraryPakFileMountedCallback: pending pak file info (ChunkID:-1 Root:root:/ File:D:/新しいフォルダー/Epic Games/DirectXRedist/UE_4.27/FeaturePacks/TP_VehicleBP.upack)
[2022.07.14-02.35.21:597][  0]LogPakFile: OnPakFileMounted2Time == 0.000035
[2022.07.14-02.35.21:598][  0]LogPakFile: PakFile PrimaryIndexSize=192
[2022.07.14-02.35.21:598][  0]LogPakFile: PakFile PathHashIndexSize=101
[2022.07.14-02.35.21:598][  0]LogPakFile: PakFile FullDirectoryIndexSize=158
[2022.07.14-02.35.21:598][  0]LogShaderLibrary: Display: ShaderCodeLibraryPakFileMountedCallback: PakFile 'D:/新しいフォルダー/Epic Games/DirectXRedist/UE_4.27/FeaturePacks/TP_VirtualRealityBP.upack' (chunk index -1, root 'root:/') mounted
[2022.07.14-02.35.21:598][  0]LogShaderLibrary: Display: ShaderCodeLibraryPakFileMountedCallback: pending pak file info (ChunkID:-1 Root:root:/ File:D:/新しいフォルダー/Epic Games/DirectXRedist/UE_4.27/FeaturePacks/TP_VirtualRealityBP.upack)
[2022.07.14-02.35.21:598][  0]LogPakFile: OnPakFileMounted2Time == 0.000033
[2022.07.14-02.35.21:655][  0]LogNativeClassHierarchy: Verbose: Native class hierarchy updated for 'AddContentDialog' in 0.0004 seconds. Added 0 classes and 0 folders.
[2022.07.14-02.35.21:656][  0]LogNativeClassHierarchy: Verbose: Native class hierarchy updated for 'SceneOutliner' in 0.0002 seconds. Added 2 classes and 0 folders.
[2022.07.14-02.35.21:699][  0]LogSlate: Took 0.000199 seconds to synchronously load lazily loaded font '../../../Engine/Content/Editor/Slate/Fonts/FontAwesome.ttf' (139K)
[2022.07.14-02.35.21:699][  0]LogSlate: Took 0.000290 seconds to synchronously load lazily loaded font '../../../Engine/Content/Editor/Slate/Fonts/GenEiGothicPro-Bold.otf' (698K)
[2022.07.14-02.35.21:699][  0]LogSlate: Took 0.000105 seconds to synchronously load lazily loaded font '../../../Engine/Content/Slate/Fonts/Roboto-Bold.ttf' (160K)
[2022.07.14-02.35.21:737][  0]LogRenderer: Reallocating scene render targets to support 964x420 Format 10 NumSamples 1 (Frame:1).
[2022.07.14-02.35.21:822][  0]LogNativeClassHierarchy: Verbose: Native class hierarchy updated for 'HierarchicalLODOutliner' in 0.0003 seconds. Added 0 classes and 0 folders.
[2022.07.14-02.35.21:822][  0]LogLoad: (Engine Initialization) Total time: 15.46 seconds
[2022.07.14-02.35.21:822][  0]LogLoad: (Engine Initialization) Total Blueprint compile time: 0.00 seconds
[2022.07.14-02.35.21:865][  0]LogAssetRegistry: Asset discovery search completed in 12.4005 seconds
[2022.07.14-02.35.21:870][  0]LogCollectionManager: Fixed up redirectors for 0 collections in 0.000003 seconds (updated 0 objects)
[2022.07.14-02.35.21:871][  0]LogContentStreaming: Texture pool size now 1000 MB
[2022.07.14-02.35.21:986][  2]LogSlate: Took 0.000265 seconds to synchronously load lazily loaded font '../../../Engine/Content/Slate/Fonts/Roboto-Light.ttf' (167K)
[2022.07.14-02.35.22:855][ 54]LogSlate: Took 0.000296 seconds to synchronously load lazily loaded font '../../../Engine/Content/Editor/Slate/Fonts/GenEiGothicPro-Light.otf' (713K)
[2022.07.14-02.35.22:855][ 54]LogSlate: Took 0.000099 seconds to synchronously load lazily loaded font '../../../Engine/Content/Slate/Fonts/Roboto-Light.ttf' (167K)
[2022.07.14-02.35.24:448][132]LogTemp: Repeating last play command: 選択ビューポート
[2022.07.14-02.35.24:453][132]LogPlayLevel: PlayLevel: No blueprints needed recompiling
[2022.07.14-02.35.24:454][132]PIE: New page: PIEセッション: SideScrollerExampleMap (2022/07/14 20:35:24)
[2022.07.14-02.35.24:455][132]LogOnline: OSS: Creating online subsystem instance for: NULL
[2022.07.14-02.35.24:455][132]LogOnline: OSS: TryLoadSubsystemAndSetDefault: Loaded subsystem for module [NULL]
[2022.07.14-02.35.24:455][132]LogPlayLevel: Creating play world package: /Game/UnrealQuest3/Maps/UEDPIE_0_SideScrollerExampleMap
[2022.07.14-02.35.24:467][132]LogPlayLevel: PIE: StaticDuplicateObject took: (0.011129s)
[2022.07.14-02.35.24:467][132]LogAIModule: Creating AISystem for world SideScrollerExampleMap
[2022.07.14-02.35.24:468][132]LogPlayLevel: PIE: World Init took: (0.001004s)
[2022.07.14-02.35.24:468][132]LogPlayLevel: PIE: Created PIE world by copying editor world from /Game/UnrealQuest3/Maps/SideScrollerExampleMap.SideScrollerExampleMap to /Game/UnrealQuest3/Maps/UEDPIE_0_SideScrollerExampleMap.SideScrollerExampleMap (0.012248s)
[2022.07.14-02.35.24:475][132]LogUObjectHash: Compacting FUObjectHashTables data took   0.73ms
[2022.07.14-02.35.24:476][132]LogAudio: Display: Creating Audio Device:                 Id: 2, Scope: Unique, Realtime: True
[2022.07.14-02.35.24:477][132]LogAudioMixer: Display: Audio Mixer Platform Settings:
[2022.07.14-02.35.24:477][132]LogAudioMixer: Display: 	Sample Rate:						  48000
[2022.07.14-02.35.24:477][132]LogAudioMixer: Display: 	Callback Buffer Frame Size Requested: 1024
[2022.07.14-02.35.24:477][132]LogAudioMixer: Display: 	Callback Buffer Frame Size To Use:	  1024
[2022.07.14-02.35.24:477][132]LogAudioMixer: Display: 	Number of buffers to queue:			  2
[2022.07.14-02.35.24:477][132]LogAudioMixer: Display: 	Max Channels (voices):				  32
[2022.07.14-02.35.24:477][132]LogAudioMixer: Display: 	Number of Async Source Workers:		  0
[2022.07.14-02.35.24:477][132]LogAudio: Display: AudioDevice MaxSources: 32
[2022.07.14-02.35.24:477][132]LogAudio: Display: Audio Spatialization Plugin: None (built-in).
[2022.07.14-02.35.24:477][132]LogAudio: Display: Audio Reverb Plugin: None (built-in).
[2022.07.14-02.35.24:477][132]LogAudio: Display: Audio Occlusion Plugin: None (built-in).
[2022.07.14-02.35.24:477][132]LogAudioMixer: Display: Initializing audio mixer.
[2022.07.14-02.35.24:480][132]LogAudioMixer: Display: 0: FrontLeft
[2022.07.14-02.35.24:480][132]LogAudioMixer: Display: 1: FrontRight
[2022.07.14-02.35.24:487][132]LogAudioMixer: Display: Using Audio Device スピーカー (Realtek(R) Audio)
[2022.07.14-02.35.24:487][132]LogAudioMixer: Display: Initializing Sound Submixes...
[2022.07.14-02.35.24:487][132]LogAudioMixer: Display: Creating Master Submix 'MasterSubmixDefault'
[2022.07.14-02.35.24:487][132]LogAudioMixer: Display: Creating Master Submix 'MasterReverbSubmixDefault'
[2022.07.14-02.35.24:487][132]LogAudioMixer: Display: Creating Master Submix 'MasterEQSubmixDefault'
[2022.07.14-02.35.24:487][132]LogAudioMixer: FMixerPlatformXAudio2::StartAudioStream() called
[2022.07.14-02.35.24:487][132]LogAudioMixer: Display: Output buffers initialized: Frames=1024, Channels=2, Samples=2048
[2022.07.14-02.35.24:489][132]LogAudioMixer: Display: Starting AudioMixerPlatformInterface::RunInternal()
[2022.07.14-02.35.24:489][132]LogAudioMixer: Display: FMixerPlatformXAudio2::SubmitBuffer() called for the first time
[2022.07.14-02.35.24:489][132]LogInit: FAudioDevice initialized.
[2022.07.14-02.35.24:489][132]LogAudio: Display: Audio Device (ID: 2) registered with world 'SideScrollerExampleMap'.
[2022.07.14-02.35.24:493][132]LogLoad: Game class is 'BP_UnrealQuest3_Mode_C'
[2022.07.14-02.35.24:495][132]LogWorld: Bringing World /Game/UnrealQuest3/Maps/UEDPIE_0_SideScrollerExampleMap.SideScrollerExampleMap up for play (max tick rate 60) at 2022.07.14-11.35.24
[2022.07.14-02.35.24:495][132]LogWorld: Bringing up level for play took: 0.000728
[2022.07.14-02.35.24:495][132]LogOnline: OSS: Creating online subsystem instance for: :Context_2
[2022.07.14-02.35.24:497][132]LogNativeClassHierarchy: Verbose: Native class hierarchy updated for 'MovieSceneCapture' in 0.0003 seconds. Added 20 classes and 0 folders.
[2022.07.14-02.35.24:498][132]LogGameMode: Display: Match State Changed from EnteringMap to WaitingToStart
[2022.07.14-02.35.24:498][132]LogGameState: Match State Changed from EnteringMap to WaitingToStart
[2022.07.14-02.35.24:498][132]LogGameMode: Display: Match State Changed from WaitingToStart to InProgress
[2022.07.14-02.35.24:499][132]LogGameState: Match State Changed from WaitingToStart to InProgress
[2022.07.14-02.35.24:499][132]PIE: サーバーにログインしました
[2022.07.14-02.35.24:500][132]PIE: PIE合計開始時間 0.049 秒。
[2022.07.14-02.35.44:926][354]LogSlate: Updating window title bar state: overlay mode, drag disabled, window buttons hidden, title bar hidden
[2022.07.14-02.35.44:926][354]LogWorld: BeginTearingDown for /Game/UnrealQuest3/Maps/UEDPIE_0_SideScrollerExampleMap
[2022.07.14-02.35.44:926][354]LogWorld: UWorld::CleanupWorld for SideScrollerExampleMap, bSessionEnded=true, bCleanupResources=true
[2022.07.14-02.35.44:927][354]LogSlate: InvalidateAllWidgets triggered.  All widgets were invalidated
[2022.07.14-02.35.44:932][354]LogPlayLevel: Display: Shutting down PIE online subsystems
[2022.07.14-02.35.44:934][354]LogSlate: InvalidateAllWidgets triggered.  All widgets were invalidated
[2022.07.14-02.35.44:940][354]LogAudio: Display: Audio Device unregistered from world 'None'.
[2022.07.14-02.35.44:940][354]LogAudioMixer: FMixerPlatformXAudio2::StopAudioStream() called
[2022.07.14-02.35.44:941][354]LogAudioMixer: FMixerPlatformXAudio2::StopAudioStream() called
[2022.07.14-02.35.44:942][354]LogSlate: Updating window title bar state: overlay mode, drag disabled, window buttons hidden, title bar hidden
[2022.07.14-02.35.44:944][354]LogUObjectHash: Compacting FUObjectHashTables data took   0.58ms
[2022.07.14-02.35.44:993][357]LogPlayLevel: Display: Destroying online subsystem :Context_2
